{"numTotalTestSuites":87,"numPassedTestSuites":26,"numFailedTestSuites":61,"numPendingTestSuites":0,"numTotalTests":163,"numPassedTests":84,"numFailedTests":79,"numPendingTests":0,"numTodoTests":0,"snapshot":{"added":0,"failure":false,"filesAdded":0,"filesRemoved":0,"filesRemovedList":[],"filesUnmatched":0,"filesUpdated":0,"matched":0,"total":0,"unchecked":0,"uncheckedKeysByFile":[],"unmatched":0,"updated":0,"didUpdate":false},"startTime":1745441414213,"success":false,"testResults":[{"assertionResults":[{"ancestorTitles":["Authentication Flow Tests","Login Flow"],"fullName":"Authentication Flow Tests Login Flow redirects unauthenticated users to login page","status":"failed","title":"redirects unauthenticated users to login page","duration":53.56495999999993,"failureMessages":["TypeError: Cannot destructure property 'data' of '(0 , __vite_ssr_import_3__.useSession)(...)' as it is undefined.\n    at ProtectedRoute (/home/johnny/johnlindon.com/src/components/auth/ProtectedRoute.tsx:10:17)\n    at renderWithHooks (/home/johnny/johnlindon.com/node_modules/react-dom/cjs/react-dom.development.js:16305:18)\n    at mountIndeterminateComponent (/home/johnny/johnlindon.com/node_modules/react-dom/cjs/react-dom.development.js:20074:13)\n    at beginWork (/home/johnny/johnlindon.com/node_modules/react-dom/cjs/react-dom.development.js:21587:16)\n    at beginWork$1 (/home/johnny/johnlindon.com/node_modules/react-dom/cjs/react-dom.development.js:27426:14)\n    at performUnitOfWork (/home/johnny/johnlindon.com/node_modules/react-dom/cjs/react-dom.development.js:26560:12)\n    at workLoopSync (/home/johnny/johnlindon.com/node_modules/react-dom/cjs/react-dom.development.js:26466:5)\n    at renderRootSync (/home/johnny/johnlindon.com/node_modules/react-dom/cjs/react-dom.development.js:26434:7)\n    at recoverFromConcurrentError (/home/johnny/johnlindon.com/node_modules/react-dom/cjs/react-dom.development.js:25850:20)\n    at performConcurrentWorkOnRoot (/home/johnny/johnlindon.com/node_modules/react-dom/cjs/react-dom.development.js:25750:22)"],"meta":{}},{"ancestorTitles":["Authentication Flow Tests","Login Flow"],"fullName":"Authentication Flow Tests Login Flow handles successful login","status":"passed","title":"handles successful login","duration":436.92449999999985,"failureMessages":[],"meta":{}},{"ancestorTitles":["Authentication Flow Tests","Login Flow"],"fullName":"Authentication Flow Tests Login Flow displays error messages for invalid credentials","status":"passed","title":"displays error messages for invalid credentials","duration":197.60619399999996,"failureMessages":[],"meta":{}},{"ancestorTitles":["Authentication Flow Tests","Login Flow"],"fullName":"Authentication Flow Tests Login Flow prevents multiple submissions while loading","status":"failed","title":"prevents multiple submissions while loading","duration":36.87246899999991,"failureMessages":["Error: \u001b[2mexpect(\u001b[22m\u001b[31melement\u001b[39m\u001b[2m).toBeDisabled()\u001b[22m\n\nReceived element is not disabled:\n  \u001b[31m<button\n  class=\"group relative w-full flex justify-center py-2 px-4 border border-transparent text-sm font-medium rounded-md text-white bg-indigo-600 hover:bg-indigo-700 focus:outline-none focus:ring-2 focus:ring-offset-2 focus:ring-indigo-500\"\n  type=\"submit\"\n/>\u001b[39m\n    at Proxy.expectWrapper (file:///home/johnny/johnlindon.com/node_modules/@vitest/expect/dist/index.js:1655:12)\n    at Proxy.<anonymous> (file:///home/johnny/johnlindon.com/node_modules/@vitest/expect/dist/index.js:944:14)\n    at Proxy.methodWrapper (file:///home/johnny/johnlindon.com/node_modules/chai/chai.js:1618:25)\n    at /home/johnny/johnlindon.com/src/app/__tests__/AuthenticationFlow.test.tsx:87:28\n    at file:///home/johnny/johnlindon.com/node_modules/@vitest/runner/dist/index.js:596:20"],"meta":{}},{"ancestorTitles":["Authentication Flow Tests","Session Management"],"fullName":"Authentication Flow Tests Session Management maintains session across page navigation","status":"failed","title":"maintains session across page navigation","duration":7.393794000000071,"failureMessages":["TypeError: Cannot destructure property 'data' of '(0 , __vite_ssr_import_3__.useSession)(...)' as it is undefined.\n    at ProtectedRoute (/home/johnny/johnlindon.com/src/components/auth/ProtectedRoute.tsx:10:17)\n    at renderWithHooks (/home/johnny/johnlindon.com/node_modules/react-dom/cjs/react-dom.development.js:16305:18)\n    at mountIndeterminateComponent (/home/johnny/johnlindon.com/node_modules/react-dom/cjs/react-dom.development.js:20074:13)\n    at beginWork (/home/johnny/johnlindon.com/node_modules/react-dom/cjs/react-dom.development.js:21587:16)\n    at beginWork$1 (/home/johnny/johnlindon.com/node_modules/react-dom/cjs/react-dom.development.js:27426:14)\n    at performUnitOfWork (/home/johnny/johnlindon.com/node_modules/react-dom/cjs/react-dom.development.js:26560:12)\n    at workLoopSync (/home/johnny/johnlindon.com/node_modules/react-dom/cjs/react-dom.development.js:26466:5)\n    at renderRootSync (/home/johnny/johnlindon.com/node_modules/react-dom/cjs/react-dom.development.js:26434:7)\n    at recoverFromConcurrentError (/home/johnny/johnlindon.com/node_modules/react-dom/cjs/react-dom.development.js:25850:20)\n    at performConcurrentWorkOnRoot (/home/johnny/johnlindon.com/node_modules/react-dom/cjs/react-dom.development.js:25750:22)"],"meta":{}},{"ancestorTitles":["Authentication Flow Tests","Session Management"],"fullName":"Authentication Flow Tests Session Management handles session expiration","status":"failed","title":"handles session expiration","duration":7.866665000000012,"failureMessages":["TypeError: Cannot destructure property 'data' of '(0 , __vite_ssr_import_3__.useSession)(...)' as it is undefined.\n    at ProtectedRoute (/home/johnny/johnlindon.com/src/components/auth/ProtectedRoute.tsx:10:17)\n    at renderWithHooks (/home/johnny/johnlindon.com/node_modules/react-dom/cjs/react-dom.development.js:16305:18)\n    at mountIndeterminateComponent (/home/johnny/johnlindon.com/node_modules/react-dom/cjs/react-dom.development.js:20074:13)\n    at beginWork (/home/johnny/johnlindon.com/node_modules/react-dom/cjs/react-dom.development.js:21587:16)\n    at beginWork$1 (/home/johnny/johnlindon.com/node_modules/react-dom/cjs/react-dom.development.js:27426:14)\n    at performUnitOfWork (/home/johnny/johnlindon.com/node_modules/react-dom/cjs/react-dom.development.js:26560:12)\n    at workLoopSync (/home/johnny/johnlindon.com/node_modules/react-dom/cjs/react-dom.development.js:26466:5)\n    at renderRootSync (/home/johnny/johnlindon.com/node_modules/react-dom/cjs/react-dom.development.js:26434:7)\n    at recoverFromConcurrentError (/home/johnny/johnlindon.com/node_modules/react-dom/cjs/react-dom.development.js:25850:20)\n    at performConcurrentWorkOnRoot (/home/johnny/johnlindon.com/node_modules/react-dom/cjs/react-dom.development.js:25750:22)"],"meta":{}},{"ancestorTitles":["Authentication Flow Tests","Session Management"],"fullName":"Authentication Flow Tests Session Management clears session data on logout","status":"failed","title":"clears session data on logout","duration":5.29792099999986,"failureMessages":["TypeError: Cannot destructure property 'data' of '(0 , __vite_ssr_import_3__.useSession)(...)' as it is undefined.\n    at ProtectedRoute (/home/johnny/johnlindon.com/src/components/auth/ProtectedRoute.tsx:10:17)\n    at renderWithHooks (/home/johnny/johnlindon.com/node_modules/react-dom/cjs/react-dom.development.js:16305:18)\n    at mountIndeterminateComponent (/home/johnny/johnlindon.com/node_modules/react-dom/cjs/react-dom.development.js:20074:13)\n    at beginWork (/home/johnny/johnlindon.com/node_modules/react-dom/cjs/react-dom.development.js:21587:16)\n    at beginWork$1 (/home/johnny/johnlindon.com/node_modules/react-dom/cjs/react-dom.development.js:27426:14)\n    at performUnitOfWork (/home/johnny/johnlindon.com/node_modules/react-dom/cjs/react-dom.development.js:26560:12)\n    at workLoopSync (/home/johnny/johnlindon.com/node_modules/react-dom/cjs/react-dom.development.js:26466:5)\n    at renderRootSync (/home/johnny/johnlindon.com/node_modules/react-dom/cjs/react-dom.development.js:26434:7)\n    at recoverFromConcurrentError (/home/johnny/johnlindon.com/node_modules/react-dom/cjs/react-dom.development.js:25850:20)\n    at performConcurrentWorkOnRoot (/home/johnny/johnlindon.com/node_modules/react-dom/cjs/react-dom.development.js:25750:22)"],"meta":{}},{"ancestorTitles":["Authentication Flow Tests","Security Measures"],"fullName":"Authentication Flow Tests Security Measures enforces password complexity requirements","status":"failed","title":"enforces password complexity requirements","duration":73.44349300000022,"failureMessages":["TestingLibraryElementError: Unable to find an element with the text: /password must be at least 8 characters/i. This could be because the text is broken up by multiple elements. In this case, you can provide a function for your text matcher to make your matcher more flexible.\n\nIgnored nodes: comments, script, style\n\u001b[36m<body>\u001b[39m\n  \u001b[36m<div>\u001b[39m\n    \u001b[36m<div\u001b[39m\n      \u001b[33mclass\u001b[39m=\u001b[32m\"min-h-screen flex items-center justify-center bg-gray-50 py-12 px-4 sm:px-6 lg:px-8\"\u001b[39m\n    \u001b[36m>\u001b[39m\n      \u001b[36m<div\u001b[39m\n        \u001b[33mclass\u001b[39m=\u001b[32m\"max-w-md w-full space-y-8\"\u001b[39m\n      \u001b[36m>\u001b[39m\n        \u001b[36m<div>\u001b[39m\n          \u001b[36m<h2\u001b[39m\n            \u001b[33mclass\u001b[39m=\u001b[32m\"mt-6 text-center text-3xl font-extrabold text-gray-900\"\u001b[39m\n          \u001b[36m>\u001b[39m\n            \u001b[0mSign in to your account\u001b[0m\n          \u001b[36m</h2>\u001b[39m\n        \u001b[36m</div>\u001b[39m\n        \u001b[36m<form\u001b[39m\n          \u001b[33mclass\u001b[39m=\u001b[32m\"mt-8 space-y-6\"\u001b[39m\n        \u001b[36m>\u001b[39m\n          \u001b[36m<div\u001b[39m\n            \u001b[33mclass\u001b[39m=\u001b[32m\"rounded-md shadow-sm -space-y-px\"\u001b[39m\n          \u001b[36m>\u001b[39m\n            \u001b[36m<div>\u001b[39m\n              \u001b[36m<label\u001b[39m\n                \u001b[33mclass\u001b[39m=\u001b[32m\"sr-only\"\u001b[39m\n                \u001b[33mfor\u001b[39m=\u001b[32m\"email\"\u001b[39m\n              \u001b[36m>\u001b[39m\n                \u001b[0mEmail address\u001b[0m\n              \u001b[36m</label>\u001b[39m\n              \u001b[36m<input\u001b[39m\n                \u001b[33mautocomplete\u001b[39m=\u001b[32m\"email\"\u001b[39m\n                \u001b[33mclass\u001b[39m=\u001b[32m\"appearance-none rounded-none relative block w-full px-3 py-2 border border-gray-300 placeholder-gray-500 text-gray-900 rounded-t-md focus:outline-none focus:ring-indigo-500 focus:border-indigo-500 focus:z-10 sm:text-sm\"\u001b[39m\n                \u001b[33mid\u001b[39m=\u001b[32m\"email\"\u001b[39m\n                \u001b[33mname\u001b[39m=\u001b[32m\"email\"\u001b[39m\n                \u001b[33mplaceholder\u001b[39m=\u001b[32m\"Email address\"\u001b[39m\n                \u001b[33mrequired\u001b[39m=\u001b[32m\"\"\u001b[39m\n                \u001b[33mtype\u001b[39m=\u001b[32m\"email\"\u001b[39m\n                \u001b[33mvalue\u001b[39m=\u001b[32m\"\"\u001b[39m\n              \u001b[36m/>\u001b[39m\n            \u001b[36m</div>\u001b[39m\n            \u001b[36m<div>\u001b[39m\n              \u001b[36m<label\u001b[39m\n                \u001b[33mclass\u001b[39m=\u001b[32m\"sr-only\"\u001b[39m\n                \u001b[33mfor\u001b[39m=\u001b[32m\"password\"\u001b[39m\n              \u001b[36m>\u001b[39m\n                \u001b[0mPassword\u001b[0m\n              \u001b[36m</label>\u001b[39m\n              \u001b[36m<input\u001b[39m\n                \u001b[33mautocomplete\u001b[39m=\u001b[32m\"current-password\"\u001b[39m\n                \u001b[33mclass\u001b[39m=\u001b[32m\"appearance-none rounded-none relative block w-full px-3 py-2 border border-gray-300 placeholder-gray-500 text-gray-900 rounded-b-md focus:outline-none focus:ring-indigo-500 focus:border-indigo-500 focus:z-10 sm:text-sm\"\u001b[39m\n                \u001b[33mid\u001b[39m=\u001b[32m\"password\"\u001b[39m\n                \u001b[33mname\u001b[39m=\u001b[32m\"password\"\u001b[39m\n                \u001b[33mplaceholder\u001b[39m=\u001b[32m\"Password\"\u001b[39m\n                \u001b[33mrequired\u001b[39m=\u001b[32m\"\"\u001b[39m\n                \u001b[33mtype\u001b[39m=\u001b[32m\"password\"\u001b[39m\n                \u001b[33mvalue\u001b[39m=\u001b[32m\"weak\"\u001b[39m\n              \u001b[36m/>\u001b[39m\n            \u001b[36m</div>\u001b[39m\n          \u001b[36m</div>\u001b[39m\n          \u001b[36m<div>\u001b[39m\n            \u001b[36m<button\u001b[39m\n              \u001b[33mclass\u001b[39m=\u001b[32m\"group relative w-full flex justify-center py-2 px-4 border border-transparent text-sm font-medium rounded-md text-white bg-indigo-600 hover:bg-indigo-700 focus:outline-none focus:ring-2 focus:ring-offset-2 focus:ring-indigo-500\"\u001b[39m\n              \u001b[33mtype\u001b[39m=\u001b[32m\"submit\"\u001b[39m\n            \u001b[36m>\u001b[39m\n              \u001b[0mSign in\u001b[0m\n            \u001b[36m</button>\u001b[39m\n          \u001b[36m</div>\u001b[39m\n        \u001b[36m</form>\u001b[39m\n      \u001b[36m</div>\u001b[39m\n    \u001b[36m</div>\u001b[39m\n  \u001b[36m</div>\u001b[39m\n\u001b[36m</body>\u001b[39m\n    at Object.getElementError (/home/johnny/johnlindon.com/node_modules/@testing-library/dom/dist/config.js:37:19)\n    at /home/johnny/johnlindon.com/node_modules/@testing-library/dom/dist/query-helpers.js:76:38\n    at /home/johnny/johnlindon.com/node_modules/@testing-library/dom/dist/query-helpers.js:52:17\n    at /home/johnny/johnlindon.com/node_modules/@testing-library/dom/dist/query-helpers.js:95:19\n    at /home/johnny/johnlindon.com/src/app/__tests__/AuthenticationFlow.test.tsx:156:21\n    at file:///home/johnny/johnlindon.com/node_modules/@vitest/runner/dist/index.js:596:20"],"meta":{}},{"ancestorTitles":["Authentication Flow Tests","Security Measures"],"fullName":"Authentication Flow Tests Security Measures implements rate limiting for failed attempts","status":"failed","title":"implements rate limiting for failed attempts","duration":98.73553000000038,"failureMessages":["TestingLibraryElementError: Unable to find an element with the text: /too many login attempts/i. This could be because the text is broken up by multiple elements. In this case, you can provide a function for your text matcher to make your matcher more flexible.\n\nIgnored nodes: comments, script, style\n\u001b[36m<body>\u001b[39m\n  \u001b[36m<div>\u001b[39m\n    \u001b[36m<div\u001b[39m\n      \u001b[33mclass\u001b[39m=\u001b[32m\"min-h-screen flex items-center justify-center bg-gray-50 py-12 px-4 sm:px-6 lg:px-8\"\u001b[39m\n    \u001b[36m>\u001b[39m\n      \u001b[36m<div\u001b[39m\n        \u001b[33mclass\u001b[39m=\u001b[32m\"max-w-md w-full space-y-8\"\u001b[39m\n      \u001b[36m>\u001b[39m\n        \u001b[36m<div>\u001b[39m\n          \u001b[36m<h2\u001b[39m\n            \u001b[33mclass\u001b[39m=\u001b[32m\"mt-6 text-center text-3xl font-extrabold text-gray-900\"\u001b[39m\n          \u001b[36m>\u001b[39m\n            \u001b[0mSign in to your account\u001b[0m\n          \u001b[36m</h2>\u001b[39m\n        \u001b[36m</div>\u001b[39m\n        \u001b[36m<form\u001b[39m\n          \u001b[33mclass\u001b[39m=\u001b[32m\"mt-8 space-y-6\"\u001b[39m\n        \u001b[36m>\u001b[39m\n          \u001b[36m<div\u001b[39m\n            \u001b[33mclass\u001b[39m=\u001b[32m\"rounded-md shadow-sm -space-y-px\"\u001b[39m\n          \u001b[36m>\u001b[39m\n            \u001b[36m<div>\u001b[39m\n              \u001b[36m<label\u001b[39m\n                \u001b[33mclass\u001b[39m=\u001b[32m\"sr-only\"\u001b[39m\n                \u001b[33mfor\u001b[39m=\u001b[32m\"email\"\u001b[39m\n              \u001b[36m>\u001b[39m\n                \u001b[0mEmail address\u001b[0m\n              \u001b[36m</label>\u001b[39m\n              \u001b[36m<input\u001b[39m\n                \u001b[33mautocomplete\u001b[39m=\u001b[32m\"email\"\u001b[39m\n                \u001b[33mclass\u001b[39m=\u001b[32m\"appearance-none rounded-none relative block w-full px-3 py-2 border border-gray-300 placeholder-gray-500 text-gray-900 rounded-t-md focus:outline-none focus:ring-indigo-500 focus:border-indigo-500 focus:z-10 sm:text-sm\"\u001b[39m\n                \u001b[33mid\u001b[39m=\u001b[32m\"email\"\u001b[39m\n                \u001b[33mname\u001b[39m=\u001b[32m\"email\"\u001b[39m\n                \u001b[33mplaceholder\u001b[39m=\u001b[32m\"Email address\"\u001b[39m\n                \u001b[33mrequired\u001b[39m=\u001b[32m\"\"\u001b[39m\n                \u001b[33mtype\u001b[39m=\u001b[32m\"email\"\u001b[39m\n                \u001b[33mvalue\u001b[39m=\u001b[32m\"\"\u001b[39m\n              \u001b[36m/>\u001b[39m\n            \u001b[36m</div>\u001b[39m\n            \u001b[36m<div>\u001b[39m\n              \u001b[36m<label\u001b[39m\n                \u001b[33mclass\u001b[39m=\u001b[32m\"sr-only\"\u001b[39m\n                \u001b[33mfor\u001b[39m=\u001b[32m\"password\"\u001b[39m\n              \u001b[36m>\u001b[39m\n                \u001b[0mPassword\u001b[0m\n              \u001b[36m</label>\u001b[39m\n              \u001b[36m<input\u001b[39m\n                \u001b[33mautocomplete\u001b[39m=\u001b[32m\"current-password\"\u001b[39m\n                \u001b[33mclass\u001b[39m=\u001b[32m\"appearance-none rounded-none relative block w-full px-3 py-2 border border-gray-300 placeholder-gray-500 text-gray-900 rounded-b-md focus:outline-none focus:ring-indigo-500 focus:border-indigo-500 focus:z-10 sm:text-sm\"\u001b[39m\n                \u001b[33mid\u001b[39m=\u001b[32m\"password\"\u001b[39m\n                \u001b[33mname\u001b[39m=\u001b[32m\"password\"\u001b[39m\n                \u001b[33mplaceholder\u001b[39m=\u001b[32m\"Password\"\u001b[39m\n                \u001b[33mrequired\u001b[39m=\u001b[32m\"\"\u001b[39m\n                \u001b[33mtype\u001b[39m=\u001b[32m\"password\"\u001b[39m\n                \u001b[33mvalue\u001b[39m=\u001b[32m\"\"\u001b[39m\n              \u001b[36m/>\u001b[39m\n            \u001b[36m</div>\u001b[39m\n          \u001b[36m</div>\u001b[39m\n          \u001b[36m<div>\u001b[39m\n            \u001b[36m<button\u001b[39m\n              \u001b[33mclass\u001b[39m=\u001b[32m\"group relative w-full flex justify-center py-2 px-4 border border-transparent text-sm font-medium rounded-md text-white bg-indigo-600 hover:bg-indigo-700 focus:outline-none focus:ring-2 focus:ring-offset-2 focus:ring-indigo-500\"\u001b[39m\n              \u001b[33mtype\u001b[39m=\u001b[32m\"submit\"\u001b[39m\n            \u001b[36m>\u001b[39m\n              \u001b[0mSign in\u001b[0m\n            \u001b[36m</button>\u001b[39m\n          \u001b[36m</div>\u001b[39m\n        \u001b[36m</form>\u001b[39m\n      \u001b[36m</div>\u001b[39m\n    \u001b[36m</div>\u001b[39m\n  \u001b[36m</div>\u001b[39m\n\u001b[36m</body>\u001b[39m\n    at Object.getElementError (/home/johnny/johnlindon.com/node_modules/@testing-library/dom/dist/config.js:37:19)\n    at /home/johnny/johnlindon.com/node_modules/@testing-library/dom/dist/query-helpers.js:76:38\n    at /home/johnny/johnlindon.com/node_modules/@testing-library/dom/dist/query-helpers.js:52:17\n    at /home/johnny/johnlindon.com/node_modules/@testing-library/dom/dist/query-helpers.js:95:19\n    at /home/johnny/johnlindon.com/src/app/__tests__/AuthenticationFlow.test.tsx:170:21\n    at file:///home/johnny/johnlindon.com/node_modules/@vitest/runner/dist/index.js:596:20"],"meta":{}},{"ancestorTitles":["Authentication Flow Tests","Security Measures"],"fullName":"Authentication Flow Tests Security Measures validates CSRF tokens","status":"failed","title":"validates CSRF tokens","duration":23.84924699999965,"failureMessages":["TestingLibraryElementError: Unable to find an element with the role \"textbox\" and name \"csrfToken\"\n\nHere are the available roles:\n\n  heading:\n\n  Name \"Sign in to your account\":\n  \u001b[36m<h2\u001b[39m\n    \u001b[33mclass\u001b[39m=\u001b[32m\"mt-6 text-center text-3xl font-extrabold text-gray-900\"\u001b[39m\n  \u001b[36m/>\u001b[39m\n\n  --------------------------------------------------\n  textbox:\n\n  Name \"Email address\":\n  \u001b[36m<input\u001b[39m\n    \u001b[33mautocomplete\u001b[39m=\u001b[32m\"email\"\u001b[39m\n    \u001b[33mclass\u001b[39m=\u001b[32m\"appearance-none rounded-none relative block w-full px-3 py-2 border border-gray-300 placeholder-gray-500 text-gray-900 rounded-t-md focus:outline-none focus:ring-indigo-500 focus:border-indigo-500 focus:z-10 sm:text-sm\"\u001b[39m\n    \u001b[33mid\u001b[39m=\u001b[32m\"email\"\u001b[39m\n    \u001b[33mname\u001b[39m=\u001b[32m\"email\"\u001b[39m\n    \u001b[33mplaceholder\u001b[39m=\u001b[32m\"Email address\"\u001b[39m\n    \u001b[33mrequired\u001b[39m=\u001b[32m\"\"\u001b[39m\n    \u001b[33mtype\u001b[39m=\u001b[32m\"email\"\u001b[39m\n    \u001b[33mvalue\u001b[39m=\u001b[32m\"\"\u001b[39m\n  \u001b[36m/>\u001b[39m\n\n  --------------------------------------------------\n  button:\n\n  Name \"Sign in\":\n  \u001b[36m<button\u001b[39m\n    \u001b[33mclass\u001b[39m=\u001b[32m\"group relative w-full flex justify-center py-2 px-4 border border-transparent text-sm font-medium rounded-md text-white bg-indigo-600 hover:bg-indigo-700 focus:outline-none focus:ring-2 focus:ring-offset-2 focus:ring-indigo-500\"\u001b[39m\n    \u001b[33mtype\u001b[39m=\u001b[32m\"submit\"\u001b[39m\n  \u001b[36m/>\u001b[39m\n\n  --------------------------------------------------\n\nIgnored nodes: comments, script, style\n\u001b[36m<body>\u001b[39m\n  \u001b[36m<div>\u001b[39m\n    \u001b[36m<div\u001b[39m\n      \u001b[33mclass\u001b[39m=\u001b[32m\"min-h-screen flex items-center justify-center bg-gray-50 py-12 px-4 sm:px-6 lg:px-8\"\u001b[39m\n    \u001b[36m>\u001b[39m\n      \u001b[36m<div\u001b[39m\n        \u001b[33mclass\u001b[39m=\u001b[32m\"max-w-md w-full space-y-8\"\u001b[39m\n      \u001b[36m>\u001b[39m\n        \u001b[36m<div>\u001b[39m\n          \u001b[36m<h2\u001b[39m\n            \u001b[33mclass\u001b[39m=\u001b[32m\"mt-6 text-center text-3xl font-extrabold text-gray-900\"\u001b[39m\n          \u001b[36m>\u001b[39m\n            \u001b[0mSign in to your account\u001b[0m\n          \u001b[36m</h2>\u001b[39m\n        \u001b[36m</div>\u001b[39m\n        \u001b[36m<form\u001b[39m\n          \u001b[33mclass\u001b[39m=\u001b[32m\"mt-8 space-y-6\"\u001b[39m\n        \u001b[36m>\u001b[39m\n          \u001b[36m<div\u001b[39m\n            \u001b[33mclass\u001b[39m=\u001b[32m\"rounded-md shadow-sm -space-y-px\"\u001b[39m\n          \u001b[36m>\u001b[39m\n            \u001b[36m<div>\u001b[39m\n              \u001b[36m<label\u001b[39m\n                \u001b[33mclass\u001b[39m=\u001b[32m\"sr-only\"\u001b[39m\n                \u001b[33mfor\u001b[39m=\u001b[32m\"email\"\u001b[39m\n              \u001b[36m>\u001b[39m\n                \u001b[0mEmail address\u001b[0m\n              \u001b[36m</label>\u001b[39m\n              \u001b[36m<input\u001b[39m\n                \u001b[33mautocomplete\u001b[39m=\u001b[32m\"email\"\u001b[39m\n                \u001b[33mclass\u001b[39m=\u001b[32m\"appearance-none rounded-none relative block w-full px-3 py-2 border border-gray-300 placeholder-gray-500 text-gray-900 rounded-t-md focus:outline-none focus:ring-indigo-500 focus:border-indigo-500 focus:z-10 sm:text-sm\"\u001b[39m\n                \u001b[33mid\u001b[39m=\u001b[32m\"email\"\u001b[39m\n                \u001b[33mname\u001b[39m=\u001b[32m\"email\"\u001b[39m\n                \u001b[33mplaceholder\u001b[39m=\u001b[32m\"Email address\"\u001b[39m\n                \u001b[33mrequired\u001b[39m=\u001b[32m\"\"\u001b[39m\n                \u001b[33mtype\u001b[39m=\u001b[32m\"email\"\u001b[39m\n                \u001b[33mvalue\u001b[39m=\u001b[32m\"\"\u001b[39m\n              \u001b[36m/>\u001b[39m\n            \u001b[36m</div>\u001b[39m\n            \u001b[36m<div>\u001b[39m\n              \u001b[36m<label\u001b[39m\n                \u001b[33mclass\u001b[39m=\u001b[32m\"sr-only\"\u001b[39m\n                \u001b[33mfor\u001b[39m=\u001b[32m\"password\"\u001b[39m\n              \u001b[36m>\u001b[39m\n                \u001b[0mPassword\u001b[0m\n              \u001b[36m</label>\u001b[39m\n              \u001b[36m<input\u001b[39m\n                \u001b[33mautocomplete\u001b[39m=\u001b[32m\"current-password\"\u001b[39m\n                \u001b[33mclass\u001b[39m=\u001b[32m\"appearance-none rounded-none relative block w-full px-3 py-2 border border-gray-300 placeholder-gray-500 text-gray-900 rounded-b-md focus:outline-none focus:ring-indigo-500 focus:border-indigo-500 focus:z-10 sm:text-sm\"\u001b[39m\n                \u001b[33mid\u001b[39m=\u001b[32m\"password\"\u001b[39m\n                \u001b[33mname\u001b[39m=\u001b[32m\"password\"\u001b[39m\n                \u001b[33mplaceholder\u001b[39m=\u001b[32m\"Password\"\u001b[39m\n                \u001b[33mrequired\u001b[39m=\u001b[32m\"\"\u001b[39m\n                \u001b[33mtype\u001b[39m=\u001b[32m\"password\"\u001b[39m\n                \u001b[33mvalue\u001b[39m=\u001b[32m\"\"\u001b[39m\n              \u001b[36m/>\u001b[39m\n            \u001b[36m</div>\u001b[39m\n          \u001b[36m</div>\u001b[39m\n          \u001b[36m<div>\u001b[39m\n            \u001b[36m<button\u001b[39m\n              \u001b[33mclass\u001b[39m=\u001b[32m\"group relative w-full flex justify-center py-2 px-4 border border-transparent text-sm font-medium rounded-md text-white bg-indigo-600 hover:bg-indigo-700 focus:outline-none focus:ring-2 focus:ring-offset-2 focus:ring-indigo-500\"\u001b[39m\n              \u001b[33mtype\u001b[39m=\u001b[32m\"submit\"\u001b[39m\n            \u001b[36m>\u001b[39m\n              \u001b[0mSign in\u001b[0m\n            \u001b[36m</button>\u001b[39m\n          \u001b[36m</div>\u001b[39m\n        \u001b[36m</form>\u001b[39m\n      \u001b[36m</div>\u001b[39m\n    \u001b[36m</div>\u001b[39m\n  \u001b[36m</div>\u001b[39m\n\u001b[36m</body>\u001b[39m\n    at Object.getElementError (/home/johnny/johnlindon.com/node_modules/@testing-library/dom/dist/config.js:37:19)\n    at /home/johnny/johnlindon.com/node_modules/@testing-library/dom/dist/query-helpers.js:76:38\n    at /home/johnny/johnlindon.com/node_modules/@testing-library/dom/dist/query-helpers.js:52:17\n    at /home/johnny/johnlindon.com/node_modules/@testing-library/dom/dist/query-helpers.js:95:19\n    at /home/johnny/johnlindon.com/src/app/__tests__/AuthenticationFlow.test.tsx:179:32\n    at file:///home/johnny/johnlindon.com/node_modules/@vitest/runner/dist/index.js:103:11\n    at file:///home/johnny/johnlindon.com/node_modules/@vitest/runner/dist/index.js:596:26\n    at file:///home/johnny/johnlindon.com/node_modules/@vitest/runner/dist/index.js:879:20\n    at new Promise (<anonymous>)\n    at runWithTimeout (file:///home/johnny/johnlindon.com/node_modules/@vitest/runner/dist/index.js:852:10)"],"meta":{}},{"ancestorTitles":["Authentication Flow Tests","Security Measures"],"fullName":"Authentication Flow Tests Security Measures implements secure session handling","status":"failed","title":"implements secure session handling","duration":3.645293000000038,"failureMessages":["TypeError: Cannot destructure property 'data' of '(0 , __vite_ssr_import_3__.useSession)(...)' as it is undefined.\n    at ProtectedRoute (/home/johnny/johnlindon.com/src/components/auth/ProtectedRoute.tsx:10:17)\n    at renderWithHooks (/home/johnny/johnlindon.com/node_modules/react-dom/cjs/react-dom.development.js:16305:18)\n    at mountIndeterminateComponent (/home/johnny/johnlindon.com/node_modules/react-dom/cjs/react-dom.development.js:20074:13)\n    at beginWork (/home/johnny/johnlindon.com/node_modules/react-dom/cjs/react-dom.development.js:21587:16)\n    at beginWork$1 (/home/johnny/johnlindon.com/node_modules/react-dom/cjs/react-dom.development.js:27426:14)\n    at performUnitOfWork (/home/johnny/johnlindon.com/node_modules/react-dom/cjs/react-dom.development.js:26560:12)\n    at workLoopSync (/home/johnny/johnlindon.com/node_modules/react-dom/cjs/react-dom.development.js:26466:5)\n    at renderRootSync (/home/johnny/johnlindon.com/node_modules/react-dom/cjs/react-dom.development.js:26434:7)\n    at recoverFromConcurrentError (/home/johnny/johnlindon.com/node_modules/react-dom/cjs/react-dom.development.js:25850:20)\n    at performConcurrentWorkOnRoot (/home/johnny/johnlindon.com/node_modules/react-dom/cjs/react-dom.development.js:25750:22)"],"meta":{}}],"startTime":1745441419413,"endTime":1745441420359.6453,"status":"failed","message":"","name":"/home/johnny/johnlindon.com/src/app/__tests__/AuthenticationFlow.test.tsx"},{"assertionResults":[],"startTime":1745441414213,"endTime":1745441414213,"status":"failed","message":"jest is not defined","name":"/home/johnny/johnlindon.com/src/app/__tests__/BlogInteraction.integration.test.tsx"},{"assertionResults":[{"ancestorTitles":["Contact Journey Flow","CTA to Contact Form"],"fullName":"Contact Journey Flow CTA to Contact Form navigates from portfolio CTA to contact form","status":"failed","title":"navigates from portfolio CTA to contact form","duration":232.35929199999964,"failureMessages":["TestingLibraryElementError: Unable to find an element with the text: /start your project/i. This could be because the text is broken up by multiple elements. In this case, you can provide a function for your text matcher to make your matcher more flexible.\n\nIgnored nodes: comments, script, style\n\u001b[36m<body>\u001b[39m\n  \u001b[36m<div>\u001b[39m\n    \u001b[36m<div\u001b[39m\n      \u001b[33mclass\u001b[39m=\u001b[32m\"_portfolioContainer_6f2e9c\"\u001b[39m\n      \u001b[33mstyle\u001b[39m=\u001b[32m\"transform: translateY(20px); opacity: 0;\"\u001b[39m\n    \u001b[36m>\u001b[39m\n      \u001b[36m<img\u001b[39m\n        \u001b[33malt\u001b[39m=\u001b[32m\"Background Logo\"\u001b[39m\n        \u001b[33mclass\u001b[39m=\u001b[32m\"_backgroundLogo_6f2e9c\"\u001b[39m\n        \u001b[33mdata-nimg\u001b[39m=\u001b[32m\"1\"\u001b[39m\n        \u001b[33mdecoding\u001b[39m=\u001b[32m\"async\"\u001b[39m\n        \u001b[33mheight\u001b[39m=\u001b[32m\"1200\"\u001b[39m\n        \u001b[33mloading\u001b[39m=\u001b[32m\"lazy\"\u001b[39m\n        \u001b[33msrc\u001b[39m=\u001b[32m\"/logo.svg\"\u001b[39m\n        \u001b[33mstyle\u001b[39m=\u001b[32m\"color: transparent; transform: translate3d(0px, 0px, 0) rotate(-15deg) scale(1.5);\"\u001b[39m\n        \u001b[33mwidth\u001b[39m=\u001b[32m\"1200\"\u001b[39m\n      \u001b[36m/>\u001b[39m\n      \u001b[36m<div\u001b[39m\n        \u001b[33mclass\u001b[39m=\u001b[32m\"container mx-auto px-4 py-16 pt-24 relative z-10\"\u001b[39m\n      \u001b[36m>\u001b[39m\n        \u001b[36m<h1\u001b[39m\n          \u001b[33mclass\u001b[39m=\u001b[32m\"text-4xl font-bold text-center mb-4\"\u001b[39m\n        \u001b[36m>\u001b[39m\n          \u001b[0mMy Portfolio\u001b[0m\n        \u001b[36m</h1>\u001b[39m\n        \u001b[36m<p\u001b[39m\n          \u001b[33mclass\u001b[39m=\u001b[32m\"text-lg text-center text-muted-foreground mb-8\"\u001b[39m\n        \u001b[36m>\u001b[39m\n          \u001b[0mExplore my latest projects and achievements\u001b[0m\n        \u001b[36m</p>\u001b[39m\n        \u001b[36m<div\u001b[39m\n          \u001b[33mclass\u001b[39m=\u001b[32m\"_filterBar_6f2e9c\"\u001b[39m\n        \u001b[36m>\u001b[39m\n          \u001b[36m<div\u001b[39m\n            \u001b[33mclass\u001b[39m=\u001b[32m\"_filterWrapper_6f2e9c\"\u001b[39m\n          \u001b[36m>\u001b[39m\n            \u001b[36m<button\u001b[39m\n              \u001b[33mclass\u001b[39m=\u001b[32m\"inline-flex items-center justify-center whitespace-nowrap rounded-md text-sm font-medium transition-colors focus-visible:outline-none focus-visible:ring-1 focus-visible:ring-ring disabled:pointer-events-none disabled:opacity-50 hover:bg-accent hover:text-accent-foreground h-9 py-2 relative z-[2] capitalize px-4 text-white\"\u001b[39m\n            \u001b[36m>\u001b[39m\n              \u001b[0mall\u001b[0m\n            \u001b[36m</button>\u001b[39m\n            \u001b[36m<button\u001b[39m\n              \u001b[33mclass\u001b[39m=\u001b[32m\"inline-flex items-center justify-center whitespace-nowrap rounded-md text-sm font-medium transition-colors focus-visible:outline-none focus-visible:ring-1 focus-visible:ring-ring disabled:pointer-events-none disabled:opacity-50 hover:bg-accent hover:text-accent-foreground h-9 py-2 relative z-[2] capitalize px-4\"\u001b[39m\n            \u001b[36m>\u001b[39m\n              \u001b[0mweb\u001b[0m\n            \u001b[36m</button>\u001b[39m\n            \u001b[36m<button\u001b[39m\n              \u001b[33mclass\u001b[39m=\u001b[32m\"inline-flex items-center justify-center whitespace-nowrap rounded-md text-sm font-medium transition-colors focus-visible:outline-none focus-visible:ring-1 focus-visible:ring-ring disabled:pointer-events-none disabled:opacity-50 hover:bg-accent hover:text-accent-foreground h-9 py-2 relative z-[2] capitalize px-4\"\u001b[39m\n            \u001b[36m>\u001b[39m\n              \u001b[0meducation\u001b[0m\n            \u001b[36m</button>\u001b[39m\n            \u001b[36m<button\u001b[39m\n              \u001b[33mclass\u001b[39m=\u001b[32m\"inline-flex items-center justify-center whitespace-nowrap rounded-md text-sm font-medium transition-colors focus-visible:outline-none focus-visible:ring-1 focus-visible:ring-ring disabled:pointer-events-none disabled:opacity-50 hover:bg-accent hover:text-accent-foreground h-9 py-2 relative z-[2] capitalize px-4\"\u001b[39m\n            \u001b[36m>\u001b[39m\n              \u001b[0mbusiness\u001b[0m\n            \u001b[36m</button>\u001b[39m\n            \u001b[36m<div\u001b[39m\n              \u001b[33mclass\u001b[39m=\u001b[32m\"_indicator_6f2e9c\"\u001b[39m\n              \u001b[33mstyle\u001b[39m=\u001b[32m\"width: 0px; left: 0px;\"\u001b[39m\n            \u001b[36m/>\u001b[39m\n          \u001b[36m</div>\u001b[39m\n        \u001b[36m</div>\u001b[39m\n        \u001b[36m<div\u001b[39m\n          \u001b[33mclass\u001b[39m=\u001b[32m\"_projectGrid_6f2e9c\"\u001b[39m\n          \u001b[33mstyle\u001b[39m=\u001b[32m\"opacity: 0;\"\u001b[39m\n        \u001b[36m>\u001b[39m\n          \u001b[36m<div\u001b[39m\n            \u001b[33mstyle\u001b[39m=\u001b[32m\"opacity: 0; transform: scale(0.8);\"\u001b[39m\n          \u001b[36m>\u001b[39m\n            \u001b[36m<div\u001b[39m\n              \u001b[33mclass\u001b[39m=\u001b[32m\"_projectCard_22a5db\"\u001b[39m\n              \u001b[33mstyle\u001b[39m=\u001b[32m\"opacity: 0; transform: translateY(20px);\"\u001b[39m\n            \u001b[36m>\u001b[39m\n              \u001b[36m<a\u001b[39m\n                \u001b[33mclass\u001b[39m=\u001b[32m\"_cardLink_22a5db\"\u001b[39m\n                \u001b[33mhref\u001b[39m=\u001b[32m\"/projects/task-management\"\u001b[39m\n              \u001b[36m>\u001b[39m\n                \u001b[36m<div\u001b[39m\n                  \u001b[33mclass\u001b[39m=\u001b[32m\"_imageContainer_22a5db\"\u001b[39m\n                \u001b[36m>\u001b[39m\n                  \u001b[36m<img\u001b[39m\n                    \u001b[33malt\u001b[39m=\u001b[32m\"AI-Powered Task Management\"\u001b[39m\n                    \u001b[33mclass\u001b[39m=\u001b[32m\"_image_22a5db\"\u001b[39m\n                    \u001b[33mdata-nimg\u001b[39m=\u001b[32m\"fill\"\u001b[39m\n                    \u001b[33mdecoding\u001b[39m=\u001b[32m\"async\"\u001b[39m\n                    \u001b[33mloading\u001b[39m=\u001b[32m\"lazy\"\u001b[39m\n                    \u001b[33msizes\u001b[39m=\u001b[32m\"(max-width: 768px) 100vw, (max-width: 1200px) 50vw, 33vw\"\u001b[39m\n                    \u001b[33msrc\u001b[39m=\u001b[32m\"/_next/image?url=%2Fprojects%2Ftask-management.jpg&w=3840&q=95\"\u001b[39m\n                    \u001b[33msrcset\u001b[39m=\u001b[32m\"/_next/image?url=%2Fprojects%2Ftask-management.jpg&w=256&q=95 256w, /_next/image?url=%2Fprojects%2Ftask-management.jpg&w=384&q=95 384w, /_next/image?url=%2Fprojects%2Ftask-management.jpg&w=640&q=95 640w, /_next/image?url=%2Fprojects%2Ftask-management.jpg&w=750&q=95 750w, /_next/image?url=%2Fprojects%2Ftask-management.jpg&w=828&q=95 828w, /_next/image?url=%2Fprojects%2Ftask-management.jpg&w=1080&q=95 1080w, /_next/image?url=%2Fprojects%2Ftask-management.jpg&w=1200&q=95 1200w, /_next/image?url=%2Fprojects%2Ftask-management.jpg&w=1920&q=95 1920w, /_next/image?url=%2Fprojects%2Ftask-management.jpg&w=2048&q=95 2048w, /_next/image?url=%2Fprojects%2Ftask-management.jpg&w=3840&q=95 3840w\"\u001b[39m\n                    \u001b[33mstyle\u001b[39m=\u001b[32m\"position: absolute; height: 100%; width: 100%; left: 0px; top: 0px; right: 0px; bottom: 0px; color: transparent;\"\u001b[39m\n                  \u001b[36m/>\u001b[39m\n                \u001b[36m</div>\u001b[39m\n                \u001b[36m<div\u001b[39m\n                  \u001b[33mclass\u001b[39m=\u001b[32m\"_cardContent_22a5db\"\u001b[39m\n                \u001b[36m>\u001b[39m\n                  \u001b[36m<h3\u001b[39m\n                    \u001b[33mclass\u001b[39m=\u001b[32m\"_projectTitle_22a5db\"\u001b[39m\n                  \u001b[36m>\u001b[39m\n                    \u001b[0mAI-Powered Task Management\u001b[0m\n                  \u001b[36m</h3>\u001b[39m\n                  \u001b[36m<p\u001b[39m\n                    \u001b[33mclass\u001b[39m=\u001b[32m\"_projectDescription_22a5db\"\u001b[39m\n                  \u001b[36m>\u001b[39m\n                    \u001b[0mA smart task management system that uses AI to prioritize and organize tasks efficiently.\u001b[0m\n                  \u001b[36m</p>\u001b[39m\n                  \u001b[36m<div\u001b[39m\n                    \u001b[33mclass\u001b[39m=\u001b[32m\"_tags_22a5db\"\u001b[39m\n                  \u001b[36m>\u001b[39m\n                    \u001b[36m<span\u001b[39m\n                      \u001b[33mclass\u001b[39m=\u001b[32m\"_tag_22a5db\"\u001b[39m\n                    \u001b[36m>\u001b[39m\n                      \u001b[0mReact\u001b[0m\n                    \u001b[36m</span>\u001b[39m\n                    \u001b[36m<span\u001b[39m\n                      \u001b[33mclass\u001b[39m=\u001b[32m\"_tag_22a5db\"\u001b[39m\n                    \u001b[36m>\u001b[39m\n                      \u001b[0mTypeScript\u001b[0m\n           ...\n    at Object.getElementError (/home/johnny/johnlindon.com/node_modules/@testing-library/dom/dist/config.js:37:19)\n    at /home/johnny/johnlindon.com/node_modules/@testing-library/dom/dist/query-helpers.js:76:38\n    at /home/johnny/johnlindon.com/node_modules/@testing-library/dom/dist/query-helpers.js:52:17\n    at /home/johnny/johnlindon.com/node_modules/@testing-library/dom/dist/query-helpers.js:95:19\n    at /home/johnny/johnlindon.com/src/app/__tests__/ContactJourney.integration.test.tsx:41:32\n    at file:///home/johnny/johnlindon.com/node_modules/@vitest/runner/dist/index.js:103:11\n    at file:///home/johnny/johnlindon.com/node_modules/@vitest/runner/dist/index.js:596:26\n    at file:///home/johnny/johnlindon.com/node_modules/@vitest/runner/dist/index.js:879:20\n    at new Promise (<anonymous>)\n    at runWithTimeout (file:///home/johnny/johnlindon.com/node_modules/@vitest/runner/dist/index.js:852:10)"],"meta":{}},{"ancestorTitles":["Contact Journey Flow","CTA to Contact Form"],"fullName":"Contact Journey Flow CTA to Contact Form preserves context when navigating from project to contact","status":"failed","title":"preserves context when navigating from project to contact","duration":70.36596000000009,"failureMessages":["TestingLibraryElementError: Unable to find an element with the text: TCQuick – E-Commerce Fulfillment Platform. This could be because the text is broken up by multiple elements. In this case, you can provide a function for your text matcher to make your matcher more flexible.\n\nIgnored nodes: comments, script, style\n\u001b[36m<body>\u001b[39m\n  \u001b[36m<div>\u001b[39m\n    \u001b[36m<div\u001b[39m\n      \u001b[33mclass\u001b[39m=\u001b[32m\"_portfolioContainer_6f2e9c\"\u001b[39m\n      \u001b[33mstyle\u001b[39m=\u001b[32m\"transform: translateY(20px); opacity: 0;\"\u001b[39m\n    \u001b[36m>\u001b[39m\n      \u001b[36m<img\u001b[39m\n        \u001b[33malt\u001b[39m=\u001b[32m\"Background Logo\"\u001b[39m\n        \u001b[33mclass\u001b[39m=\u001b[32m\"_backgroundLogo_6f2e9c\"\u001b[39m\n        \u001b[33mdata-nimg\u001b[39m=\u001b[32m\"1\"\u001b[39m\n        \u001b[33mdecoding\u001b[39m=\u001b[32m\"async\"\u001b[39m\n        \u001b[33mheight\u001b[39m=\u001b[32m\"1200\"\u001b[39m\n        \u001b[33mloading\u001b[39m=\u001b[32m\"lazy\"\u001b[39m\n        \u001b[33msrc\u001b[39m=\u001b[32m\"/logo.svg\"\u001b[39m\n        \u001b[33mstyle\u001b[39m=\u001b[32m\"color: transparent; transform: translate3d(0px, 0px, 0) rotate(-15deg) scale(1.5);\"\u001b[39m\n        \u001b[33mwidth\u001b[39m=\u001b[32m\"1200\"\u001b[39m\n      \u001b[36m/>\u001b[39m\n      \u001b[36m<div\u001b[39m\n        \u001b[33mclass\u001b[39m=\u001b[32m\"container mx-auto px-4 py-16 pt-24 relative z-10\"\u001b[39m\n      \u001b[36m>\u001b[39m\n        \u001b[36m<h1\u001b[39m\n          \u001b[33mclass\u001b[39m=\u001b[32m\"text-4xl font-bold text-center mb-4\"\u001b[39m\n        \u001b[36m>\u001b[39m\n          \u001b[0mMy Portfolio\u001b[0m\n        \u001b[36m</h1>\u001b[39m\n        \u001b[36m<p\u001b[39m\n          \u001b[33mclass\u001b[39m=\u001b[32m\"text-lg text-center text-muted-foreground mb-8\"\u001b[39m\n        \u001b[36m>\u001b[39m\n          \u001b[0mExplore my latest projects and achievements\u001b[0m\n        \u001b[36m</p>\u001b[39m\n        \u001b[36m<div\u001b[39m\n          \u001b[33mclass\u001b[39m=\u001b[32m\"_filterBar_6f2e9c\"\u001b[39m\n        \u001b[36m>\u001b[39m\n          \u001b[36m<div\u001b[39m\n            \u001b[33mclass\u001b[39m=\u001b[32m\"_filterWrapper_6f2e9c\"\u001b[39m\n          \u001b[36m>\u001b[39m\n            \u001b[36m<button\u001b[39m\n              \u001b[33mclass\u001b[39m=\u001b[32m\"inline-flex items-center justify-center whitespace-nowrap rounded-md text-sm font-medium transition-colors focus-visible:outline-none focus-visible:ring-1 focus-visible:ring-ring disabled:pointer-events-none disabled:opacity-50 hover:bg-accent hover:text-accent-foreground h-9 py-2 relative z-[2] capitalize px-4 text-white\"\u001b[39m\n            \u001b[36m>\u001b[39m\n              \u001b[0mall\u001b[0m\n            \u001b[36m</button>\u001b[39m\n            \u001b[36m<button\u001b[39m\n              \u001b[33mclass\u001b[39m=\u001b[32m\"inline-flex items-center justify-center whitespace-nowrap rounded-md text-sm font-medium transition-colors focus-visible:outline-none focus-visible:ring-1 focus-visible:ring-ring disabled:pointer-events-none disabled:opacity-50 hover:bg-accent hover:text-accent-foreground h-9 py-2 relative z-[2] capitalize px-4\"\u001b[39m\n            \u001b[36m>\u001b[39m\n              \u001b[0mweb\u001b[0m\n            \u001b[36m</button>\u001b[39m\n            \u001b[36m<button\u001b[39m\n              \u001b[33mclass\u001b[39m=\u001b[32m\"inline-flex items-center justify-center whitespace-nowrap rounded-md text-sm font-medium transition-colors focus-visible:outline-none focus-visible:ring-1 focus-visible:ring-ring disabled:pointer-events-none disabled:opacity-50 hover:bg-accent hover:text-accent-foreground h-9 py-2 relative z-[2] capitalize px-4\"\u001b[39m\n            \u001b[36m>\u001b[39m\n              \u001b[0meducation\u001b[0m\n            \u001b[36m</button>\u001b[39m\n            \u001b[36m<button\u001b[39m\n              \u001b[33mclass\u001b[39m=\u001b[32m\"inline-flex items-center justify-center whitespace-nowrap rounded-md text-sm font-medium transition-colors focus-visible:outline-none focus-visible:ring-1 focus-visible:ring-ring disabled:pointer-events-none disabled:opacity-50 hover:bg-accent hover:text-accent-foreground h-9 py-2 relative z-[2] capitalize px-4\"\u001b[39m\n            \u001b[36m>\u001b[39m\n              \u001b[0mbusiness\u001b[0m\n            \u001b[36m</button>\u001b[39m\n            \u001b[36m<div\u001b[39m\n              \u001b[33mclass\u001b[39m=\u001b[32m\"_indicator_6f2e9c\"\u001b[39m\n              \u001b[33mstyle\u001b[39m=\u001b[32m\"width: 0px; left: 0px;\"\u001b[39m\n            \u001b[36m/>\u001b[39m\n          \u001b[36m</div>\u001b[39m\n        \u001b[36m</div>\u001b[39m\n        \u001b[36m<div\u001b[39m\n          \u001b[33mclass\u001b[39m=\u001b[32m\"_projectGrid_6f2e9c\"\u001b[39m\n          \u001b[33mstyle\u001b[39m=\u001b[32m\"opacity: 0;\"\u001b[39m\n        \u001b[36m>\u001b[39m\n          \u001b[36m<div\u001b[39m\n            \u001b[33mstyle\u001b[39m=\u001b[32m\"opacity: 0; transform: scale(0.8);\"\u001b[39m\n          \u001b[36m>\u001b[39m\n            \u001b[36m<div\u001b[39m\n              \u001b[33mclass\u001b[39m=\u001b[32m\"_projectCard_22a5db\"\u001b[39m\n              \u001b[33mstyle\u001b[39m=\u001b[32m\"opacity: 0; transform: translateY(20px);\"\u001b[39m\n            \u001b[36m>\u001b[39m\n              \u001b[36m<a\u001b[39m\n                \u001b[33mclass\u001b[39m=\u001b[32m\"_cardLink_22a5db\"\u001b[39m\n                \u001b[33mhref\u001b[39m=\u001b[32m\"/projects/task-management\"\u001b[39m\n              \u001b[36m>\u001b[39m\n                \u001b[36m<div\u001b[39m\n                  \u001b[33mclass\u001b[39m=\u001b[32m\"_imageContainer_22a5db\"\u001b[39m\n                \u001b[36m>\u001b[39m\n                  \u001b[36m<img\u001b[39m\n                    \u001b[33malt\u001b[39m=\u001b[32m\"AI-Powered Task Management\"\u001b[39m\n                    \u001b[33mclass\u001b[39m=\u001b[32m\"_image_22a5db\"\u001b[39m\n                    \u001b[33mdata-nimg\u001b[39m=\u001b[32m\"fill\"\u001b[39m\n                    \u001b[33mdecoding\u001b[39m=\u001b[32m\"async\"\u001b[39m\n                    \u001b[33mloading\u001b[39m=\u001b[32m\"lazy\"\u001b[39m\n                    \u001b[33msizes\u001b[39m=\u001b[32m\"(max-width: 768px) 100vw, (max-width: 1200px) 50vw, 33vw\"\u001b[39m\n                    \u001b[33msrc\u001b[39m=\u001b[32m\"/_next/image?url=%2Fprojects%2Ftask-management.jpg&w=3840&q=95\"\u001b[39m\n                    \u001b[33msrcset\u001b[39m=\u001b[32m\"/_next/image?url=%2Fprojects%2Ftask-management.jpg&w=256&q=95 256w, /_next/image?url=%2Fprojects%2Ftask-management.jpg&w=384&q=95 384w, /_next/image?url=%2Fprojects%2Ftask-management.jpg&w=640&q=95 640w, /_next/image?url=%2Fprojects%2Ftask-management.jpg&w=750&q=95 750w, /_next/image?url=%2Fprojects%2Ftask-management.jpg&w=828&q=95 828w, /_next/image?url=%2Fprojects%2Ftask-management.jpg&w=1080&q=95 1080w, /_next/image?url=%2Fprojects%2Ftask-management.jpg&w=1200&q=95 1200w, /_next/image?url=%2Fprojects%2Ftask-management.jpg&w=1920&q=95 1920w, /_next/image?url=%2Fprojects%2Ftask-management.jpg&w=2048&q=95 2048w, /_next/image?url=%2Fprojects%2Ftask-management.jpg&w=3840&q=95 3840w\"\u001b[39m\n                    \u001b[33mstyle\u001b[39m=\u001b[32m\"position: absolute; height: 100%; width: 100%; left: 0px; top: 0px; right: 0px; bottom: 0px; color: transparent;\"\u001b[39m\n                  \u001b[36m/>\u001b[39m\n                \u001b[36m</div>\u001b[39m\n                \u001b[36m<div\u001b[39m\n                  \u001b[33mclass\u001b[39m=\u001b[32m\"_cardContent_22a5db\"\u001b[39m\n                \u001b[36m>\u001b[39m\n                  \u001b[36m<h3\u001b[39m\n                    \u001b[33mclass\u001b[39m=\u001b[32m\"_projectTitle_22a5db\"\u001b[39m\n                  \u001b[36m>\u001b[39m\n                    \u001b[0mAI-Powered Task Management\u001b[0m\n                  \u001b[36m</h3>\u001b[39m\n                  \u001b[36m<p\u001b[39m\n                    \u001b[33mclass\u001b[39m=\u001b[32m\"_projectDescription_22a5db\"\u001b[39m\n                  \u001b[36m>\u001b[39m\n                    \u001b[0mA smart task management system that uses AI to prioritize and organize tasks efficiently.\u001b[0m\n                  \u001b[36m</p>\u001b[39m\n                  \u001b[36m<div\u001b[39m\n                    \u001b[33mclass\u001b[39m=\u001b[32m\"_tags_22a5db\"\u001b[39m\n                  \u001b[36m>\u001b[39m\n                    \u001b[36m<span\u001b[39m\n                      \u001b[33mclass\u001b[39m=\u001b[32m\"_tag_22a5db\"\u001b[39m\n                    \u001b[36m>\u001b[39m\n                      \u001b[0mReact\u001b[0m\n                    \u001b[36m</span>\u001b[39m\n                    \u001b[36m<span\u001b[39m\n                      \u001b[33mclass\u001b[39m=\u001b[32m\"_tag_22a5db\"\u001b[39m\n                    \u001b[36m>\u001b[39m\n                      \u001b[0mTypeScript\u001b[0m\n           ...\n    at Object.getElementError (/home/johnny/johnlindon.com/node_modules/@testing-library/dom/dist/config.js:37:19)\n    at /home/johnny/johnlindon.com/node_modules/@testing-library/dom/dist/query-helpers.js:76:38\n    at /home/johnny/johnlindon.com/node_modules/@testing-library/dom/dist/query-helpers.js:52:17\n    at /home/johnny/johnlindon.com/node_modules/@testing-library/dom/dist/query-helpers.js:95:19\n    at /home/johnny/johnlindon.com/src/app/__tests__/ContactJourney.integration.test.tsx:53:34\n    at file:///home/johnny/johnlindon.com/node_modules/@vitest/runner/dist/index.js:103:11\n    at file:///home/johnny/johnlindon.com/node_modules/@vitest/runner/dist/index.js:596:26\n    at file:///home/johnny/johnlindon.com/node_modules/@vitest/runner/dist/index.js:879:20\n    at new Promise (<anonymous>)\n    at runWithTimeout (file:///home/johnny/johnlindon.com/node_modules/@vitest/runner/dist/index.js:852:10)"],"meta":{}},{"ancestorTitles":["Contact Journey Flow","Form Interaction"],"fullName":"Contact Journey Flow Form Interaction completes form with valid data","status":"failed","title":"completes form with valid data","duration":759.8098580000001,"failureMessages":["AssertionError: expected \"spy\" to be called with arguments: [ { name: 'John Doe', …(2) } ]\u001b[90m\n\nNumber of calls: \u001b[1m0\u001b[22m\n\u001b[39m\n    at Proxy.<anonymous> (file:///home/johnny/johnlindon.com/node_modules/@vitest/expect/dist/index.js:1261:10)\n    at Proxy.<anonymous> (file:///home/johnny/johnlindon.com/node_modules/@vitest/expect/dist/index.js:944:14)\n    at Proxy.methodWrapper (file:///home/johnny/johnlindon.com/node_modules/chai/chai.js:1618:25)\n    at /home/johnny/johnlindon.com/src/app/__tests__/ContactJourney.integration.test.tsx:82:26\n    at file:///home/johnny/johnlindon.com/node_modules/@vitest/runner/dist/index.js:596:20"],"meta":{}},{"ancestorTitles":["Contact Journey Flow","Form Interaction"],"fullName":"Contact Journey Flow Form Interaction handles form validation and error states","status":"failed","title":"handles form validation and error states","duration":80.35379199999988,"failureMessages":["TestingLibraryElementError: Unable to find an element with the text: /name is required/i. This could be because the text is broken up by multiple elements. In this case, you can provide a function for your text matcher to make your matcher more flexible.\n\nIgnored nodes: comments, script, style\n\u001b[36m<body>\u001b[39m\n  \u001b[36m<div>\u001b[39m\n    \u001b[36m<div\u001b[39m\n      \u001b[33mclass\u001b[39m=\u001b[32m\"pt-24 max-w-6xl mx-auto px-4 py-12\"\u001b[39m\n    \u001b[36m>\u001b[39m\n      \u001b[36m<div\u001b[39m\n        \u001b[33mclass\u001b[39m=\u001b[32m\"mb-12 text-center\"\u001b[39m\n      \u001b[36m>\u001b[39m\n        \u001b[36m<h1\u001b[39m\n          \u001b[33mclass\u001b[39m=\u001b[32m\"text-4xl font-bold text-primary mb-4\"\u001b[39m\n        \u001b[36m>\u001b[39m\n          \u001b[0mGet in Touch\u001b[0m\n        \u001b[36m</h1>\u001b[39m\n        \u001b[36m<p\u001b[39m\n          \u001b[33mclass\u001b[39m=\u001b[32m\"text-xl text-text/80\"\u001b[39m\n        \u001b[36m>\u001b[39m\n          \u001b[0mLet's discuss how I can help with your project\u001b[0m\n        \u001b[36m</p>\u001b[39m\n      \u001b[36m</div>\u001b[39m\n      \u001b[36m<div\u001b[39m\n        \u001b[33mclass\u001b[39m=\u001b[32m\"grid grid-cols-1 lg:grid-cols-3 gap-8\"\u001b[39m\n      \u001b[36m>\u001b[39m\n        \u001b[36m<div\u001b[39m\n          \u001b[33mclass\u001b[39m=\u001b[32m\"space-y-8\"\u001b[39m\n        \u001b[36m>\u001b[39m\n          \u001b[36m<div\u001b[39m\n            \u001b[33mclass\u001b[39m=\u001b[32m\"bg-white p-6 rounded-lg border border-primary/10\"\u001b[39m\n          \u001b[36m>\u001b[39m\n            \u001b[36m<h2\u001b[39m\n              \u001b[33mclass\u001b[39m=\u001b[32m\"text-2xl font-semibold text-primary mb-4\"\u001b[39m\n            \u001b[36m>\u001b[39m\n              \u001b[0mContact Information\u001b[0m\n            \u001b[36m</h2>\u001b[39m\n            \u001b[36m<div\u001b[39m\n              \u001b[33mclass\u001b[39m=\u001b[32m\"space-y-4\"\u001b[39m\n            \u001b[36m>\u001b[39m\n              \u001b[36m<div\u001b[39m\n                \u001b[33mclass\u001b[39m=\u001b[32m\"flex items-center\"\u001b[39m\n              \u001b[36m>\u001b[39m\n                \u001b[36m<svg\u001b[39m\n                  \u001b[33mclass\u001b[39m=\u001b[32m\"text-text/60 mr-3\"\u001b[39m\n                  \u001b[33mfill\u001b[39m=\u001b[32m\"currentColor\"\u001b[39m\n                  \u001b[33mheight\u001b[39m=\u001b[32m\"20\"\u001b[39m\n                  \u001b[33mstroke\u001b[39m=\u001b[32m\"currentColor\"\u001b[39m\n                  \u001b[33mstroke-width\u001b[39m=\u001b[32m\"0\"\u001b[39m\n                  \u001b[33mviewBox\u001b[39m=\u001b[32m\"0 0 512 512\"\u001b[39m\n                  \u001b[33mwidth\u001b[39m=\u001b[32m\"20\"\u001b[39m\n                  \u001b[33mxmlns\u001b[39m=\u001b[32m\"http://www.w3.org/2000/svg\"\u001b[39m\n                \u001b[36m>\u001b[39m\n                  \u001b[36m<path\u001b[39m\n                    \u001b[33md\u001b[39m=\u001b[32m\"M502.3 190.8c3.9-3.1 9.7-.2 9.7 4.7V400c0 26.5-21.5 48-48 48H48c-26.5 0-48-21.5-48-48V195.6c0-5 5.7-7.8 9.7-4.7 22.4 17.4 52.1 39.5 154.1 113.6 21.1 15.4 56.7 47.8 92.2 47.6 35.7.3 72-32.8 92.3-47.6 102-74.1 131.6-96.3 154-113.7zM256 320c23.2.4 56.6-29.2 73.4-41.4 132.7-96.3 142.8-104.7 173.4-128.7 5.8-4.5 9.2-11.5 9.2-18.9v-19c0-26.5-21.5-48-48-48H48C21.5 64 0 85.5 0 112v19c0 7.4 3.4 14.3 9.2 18.9 30.6 23.9 40.7 32.4 173.4 128.7 16.8 12.2 50.2 41.8 73.4 41.4z\"\u001b[39m\n                  \u001b[36m/>\u001b[39m\n                \u001b[36m</svg>\u001b[39m\n                \u001b[36m<a\u001b[39m\n                  \u001b[33mclass\u001b[39m=\u001b[32m\"text-text/60 hover:text-accent transition-colors\"\u001b[39m\n                  \u001b[33mhref\u001b[39m=\u001b[32m\"mailto:john@johnlindon.com\"\u001b[39m\n                \u001b[36m>\u001b[39m\n                  \u001b[0mjohn@johnlindon.com\u001b[0m\n                \u001b[36m</a>\u001b[39m\n              \u001b[36m</div>\u001b[39m\n              \u001b[36m<div\u001b[39m\n                \u001b[33mclass\u001b[39m=\u001b[32m\"flex items-center\"\u001b[39m\n              \u001b[36m>\u001b[39m\n                \u001b[36m<svg\u001b[39m\n                  \u001b[33mclass\u001b[39m=\u001b[32m\"text-text/60 mr-3\"\u001b[39m\n                  \u001b[33mfill\u001b[39m=\u001b[32m\"currentColor\"\u001b[39m\n                  \u001b[33mheight\u001b[39m=\u001b[32m\"20\"\u001b[39m\n                  \u001b[33mstroke\u001b[39m=\u001b[32m\"currentColor\"\u001b[39m\n                  \u001b[33mstroke-width\u001b[39m=\u001b[32m\"0\"\u001b[39m\n                  \u001b[33mviewBox\u001b[39m=\u001b[32m\"0 0 496 512\"\u001b[39m\n                  \u001b[33mwidth\u001b[39m=\u001b[32m\"20\"\u001b[39m\n                  \u001b[33mxmlns\u001b[39m=\u001b[32m\"http://www.w3.org/2000/svg\"\u001b[39m\n                \u001b[36m>\u001b[39m\n                  \u001b[36m<path\u001b[39m\n                    \u001b[33md\u001b[39m=\u001b[32m\"M165.9 397.4c0 2-2.3 3.6-5.2 3.6-3.3.3-5.6-1.3-5.6-3.6 0-2 2.3-3.6 5.2-3.6 3-.3 5.6 1.3 5.6 3.6zm-31.1-4.5c-.7 2 1.3 4.3 4.3 4.9 2.6 1 5.6 0 6.2-2s-1.3-4.3-4.3-5.2c-2.6-.7-5.5.3-6.2 2.3zm44.2-1.7c-2.9.7-4.9 2.6-4.6 4.9.3 2 2.9 3.3 5.9 2.6 2.9-.7 4.9-2.6 4.6-4.6-.3-1.9-3-3.2-5.9-2.9zM244.8 8C106.1 8 0 113.3 0 252c0 110.9 69.8 205.8 169.5 239.2 12.8 2.3 17.3-5.6 17.3-12.1 0-6.2-.3-40.4-.3-61.4 0 0-70 15-84.7-29.8 0 0-11.4-29.1-27.8-36.6 0 0-22.9-15.7 1.6-15.4 0 0 24.9 2 38.6 25.8 21.9 38.6 58.6 27.5 72.9 20.9 2.3-16 8.8-27.1 16-33.7-55.9-6.2-112.3-14.3-112.3-110.5 0-27.5 7.6-41.3 23.6-58.9-2.6-6.5-11.1-33.3 2.6-67.9 20.9-6.5 69 27 69 27 20-5.6 41.5-8.5 62.8-8.5s42.8 2.9 62.8 8.5c0 0 48.1-33.6 69-27 13.7 34.7 5.2 61.4 2.6 67.9 16 17.7 25.8 31.5 25.8 58.9 0 96.5-58.9 104.2-114.8 110.5 9.2 7.9 17 22.9 17 46.4 0 33.7-.3 75.4-.3 83.6 0 6.5 4.6 14.4 17.3 12.1C428.2 457.8 496 362.9 496 252 496 113.3 383.5 8 244.8 8zM97.2 352.9c-1.3 1-1 3.3.7 5.2 1.6 1.6 3.9 2.3 5.2 1 1.3-1 1-3.3-.7-5.2-1.6-1.6-3.9-2.3-5.2-1zm-10.8-8.1c-.7 1.3.3 2.9 2.3 3.9 1.6 1 3.6.7 4.3-.7.7-1.3-.3-2.9-2.3-3.9-2-.6-3.6-.3-4.3.7zm32.4 35.6c-1.6 1.3-1 4.3 1.3 6.2 2.3 2.3 5.2 2.6 6.5 1 1.3-1.3.7-4.3-1.3-6.2-2.2-2.3-5.2-2.6-6.5-1zm-11.4-14.7c-1.6 1-1.6 3.6 0 5.9 1.6 2.3 4.3 3.3 5.6 2.3 1.6-1.3 1.6-3.9 0-6.2-1.4-2.3-4-3.3-5.6-2z\"\u001b[39m\n                  \u001b[36m/>\u001b[39m\n                \u001b[36m</svg>\u001b[39m\n                \u001b[36m<a\u001b[39m\n                  \u001b[33mclass\u001b[39m=\u001b[32m\"text-text/60 hover:text-accent transition-colors\"\u001b[39m\n                  \u001b[33mhref\u001b[39m=\u001b[32m\"https://github.com/JohnLindonRobinson\"\u001b[39m\n                  \u001b[33mrel\u001b[39m=\u001b[32m\"noopener noreferrer\"\u001b[39m\n                  \u001b[33mtarget\u001b[39m=\u001b[32m\"_blank\"\u001b[39m\n                \u001b[36m>\u001b[39m\n                  \u001b[0mgithub.com/JohnLindonRobinson\u001b[0m\n                \u001b[36m</a>\u001b[39m\n              \u001b[36m</div>\u001b[39m\n              \u001b[36m<div\u001b[39m\n                \u001b[33mclass\u001b[39m=\u001b[32m\"flex items-center\"\u001b[39m\n              \u001b[36m>\u001b[39m\n                \u001b[36m<svg\u001b[39m\n                  \u001b[33mclass\u001b[39m=\u001b[32m\"text-text/60 mr-3\"\u001b[39m\n                  \u001b[33mfill\u001b[39m=\u001b[32m\"currentColor\"\u001b[39m\n                  \u001b[33mheight\u001b[39m=\u001b[32m\"20\"\u001b[39m\n                  \u001b[33mstroke\u001b[39m=\u001b[32m\"currentColor\"\u001b[39m\n                  \u001b[33mstroke-width\u001b[39m=\u001b[32m\"0\"\u001b[39m\n                  \u001b[33mviewBox\u001b[39m=\u001b[32m\"0 0 448 512\"\u001b[39m\n                  \u001b[33mwidth\u001b[39m=\u001b[32m\"20\"\u001b[39m\n                  \u001b[33mxmlns\u001b[39m=\u001b[32m\"http://www.w3.org/2000/svg\"\u001b[39m\n                \u001b[36m>\u001b[39m\n                  \u001b[36m<path\u001b[39m\n                    \u001b[33md\u001b[39m=\u001b[32m\"M416 32H31.9C14.3 32 0 46.5 0 64.3v383.4C0 465.5 14.3 480 31.9 480H416c17.6 0 32-14.5 32-32.3V64.3c0-17.8-14.4-32.3-32-32.3zM135.4 416H69V202.2h66.5V416zm-33.2-243c-21.3 0-38.5-17.3-38.5-38.5S80.9 96 102.2 96c21.2 0 38.5 17.3 38.5 38.5 0 21.3-17.2 38.5-38.5 38.5zm282.1 243h-66.4V312c0-24.8-.5-56.7-34.5-56.7-34.6 0-39.9 27-39.9 54.9V416h-66.4V202.2h63.7v29.2h.9c8.9-16.8 30.6-34.5 62.9-34.5 67.2 0 79.7 44.3 79.7 101.9V416z\"\u001b[39m\n                  \u001b[36m/>\u001b[39m\n                \u001b[36m</svg>\u001b[39m\n                \u001b[36m<a\u001b[39m\n                  \u001b[33mclass\u001b[39m=\u001b[32m\"text-text/60 hover:text-accent transition-colors\"\u001b[39m\n                  \u001b[33mhref\u001b[39m=\u001b[32m\"https://linkedin.com/in/johnlindonrobinson\"\u001b[39m\n                  \u001b[33mrel\u001b[39m=\u001b[32m\"noopener noreferrer\"\u001b[39m\n                  \u001b[33mtarget\u001b[39m=\u001b[32m\"_blank\"\u001b[39m\n                \u001b[36m>\u001b[39m\n                  \u001b[0m...\n    at Object.getElementError (/home/johnny/johnlindon.com/node_modules/@testing-library/dom/dist/config.js:37:19)\n    at /home/johnny/johnlindon.com/node_modules/@testing-library/dom/dist/query-helpers.js:76:38\n    at /home/johnny/johnlindon.com/node_modules/@testing-library/dom/dist/query-helpers.js:52:17\n    at /home/johnny/johnlindon.com/node_modules/@testing-library/dom/dist/query-helpers.js:95:19\n    at /home/johnny/johnlindon.com/src/app/__tests__/ContactJourney.integration.test.tsx:98:21\n    at file:///home/johnny/johnlindon.com/node_modules/@vitest/runner/dist/index.js:596:20"],"meta":{}},{"ancestorTitles":["Contact Journey Flow","Form Interaction"],"fullName":"Contact Journey Flow Form Interaction shows loading state during submission","status":"failed","title":"shows loading state during submission","duration":456.6905690000003,"failureMessages":["TestingLibraryElementError: Unable to find an element by: [data-testid=\"loading-spinner\"]\n\nIgnored nodes: comments, script, style\n\u001b[36m<body>\u001b[39m\n  \u001b[36m<div>\u001b[39m\n    \u001b[36m<div\u001b[39m\n      \u001b[33mclass\u001b[39m=\u001b[32m\"pt-24 max-w-6xl mx-auto px-4 py-12\"\u001b[39m\n    \u001b[36m>\u001b[39m\n      \u001b[36m<div\u001b[39m\n        \u001b[33mclass\u001b[39m=\u001b[32m\"mb-12 text-center\"\u001b[39m\n      \u001b[36m>\u001b[39m\n        \u001b[36m<h1\u001b[39m\n          \u001b[33mclass\u001b[39m=\u001b[32m\"text-4xl font-bold text-primary mb-4\"\u001b[39m\n        \u001b[36m>\u001b[39m\n          \u001b[0mGet in Touch\u001b[0m\n        \u001b[36m</h1>\u001b[39m\n        \u001b[36m<p\u001b[39m\n          \u001b[33mclass\u001b[39m=\u001b[32m\"text-xl text-text/80\"\u001b[39m\n        \u001b[36m>\u001b[39m\n          \u001b[0mLet's discuss how I can help with your project\u001b[0m\n        \u001b[36m</p>\u001b[39m\n      \u001b[36m</div>\u001b[39m\n      \u001b[36m<div\u001b[39m\n        \u001b[33mclass\u001b[39m=\u001b[32m\"grid grid-cols-1 lg:grid-cols-3 gap-8\"\u001b[39m\n      \u001b[36m>\u001b[39m\n        \u001b[36m<div\u001b[39m\n          \u001b[33mclass\u001b[39m=\u001b[32m\"space-y-8\"\u001b[39m\n        \u001b[36m>\u001b[39m\n          \u001b[36m<div\u001b[39m\n            \u001b[33mclass\u001b[39m=\u001b[32m\"bg-white p-6 rounded-lg border border-primary/10\"\u001b[39m\n          \u001b[36m>\u001b[39m\n            \u001b[36m<h2\u001b[39m\n              \u001b[33mclass\u001b[39m=\u001b[32m\"text-2xl font-semibold text-primary mb-4\"\u001b[39m\n            \u001b[36m>\u001b[39m\n              \u001b[0mContact Information\u001b[0m\n            \u001b[36m</h2>\u001b[39m\n            \u001b[36m<div\u001b[39m\n              \u001b[33mclass\u001b[39m=\u001b[32m\"space-y-4\"\u001b[39m\n            \u001b[36m>\u001b[39m\n              \u001b[36m<div\u001b[39m\n                \u001b[33mclass\u001b[39m=\u001b[32m\"flex items-center\"\u001b[39m\n              \u001b[36m>\u001b[39m\n                \u001b[36m<svg\u001b[39m\n                  \u001b[33mclass\u001b[39m=\u001b[32m\"text-text/60 mr-3\"\u001b[39m\n                  \u001b[33mfill\u001b[39m=\u001b[32m\"currentColor\"\u001b[39m\n                  \u001b[33mheight\u001b[39m=\u001b[32m\"20\"\u001b[39m\n                  \u001b[33mstroke\u001b[39m=\u001b[32m\"currentColor\"\u001b[39m\n                  \u001b[33mstroke-width\u001b[39m=\u001b[32m\"0\"\u001b[39m\n                  \u001b[33mviewBox\u001b[39m=\u001b[32m\"0 0 512 512\"\u001b[39m\n                  \u001b[33mwidth\u001b[39m=\u001b[32m\"20\"\u001b[39m\n                  \u001b[33mxmlns\u001b[39m=\u001b[32m\"http://www.w3.org/2000/svg\"\u001b[39m\n                \u001b[36m>\u001b[39m\n                  \u001b[36m<path\u001b[39m\n                    \u001b[33md\u001b[39m=\u001b[32m\"M502.3 190.8c3.9-3.1 9.7-.2 9.7 4.7V400c0 26.5-21.5 48-48 48H48c-26.5 0-48-21.5-48-48V195.6c0-5 5.7-7.8 9.7-4.7 22.4 17.4 52.1 39.5 154.1 113.6 21.1 15.4 56.7 47.8 92.2 47.6 35.7.3 72-32.8 92.3-47.6 102-74.1 131.6-96.3 154-113.7zM256 320c23.2.4 56.6-29.2 73.4-41.4 132.7-96.3 142.8-104.7 173.4-128.7 5.8-4.5 9.2-11.5 9.2-18.9v-19c0-26.5-21.5-48-48-48H48C21.5 64 0 85.5 0 112v19c0 7.4 3.4 14.3 9.2 18.9 30.6 23.9 40.7 32.4 173.4 128.7 16.8 12.2 50.2 41.8 73.4 41.4z\"\u001b[39m\n                  \u001b[36m/>\u001b[39m\n                \u001b[36m</svg>\u001b[39m\n                \u001b[36m<a\u001b[39m\n                  \u001b[33mclass\u001b[39m=\u001b[32m\"text-text/60 hover:text-accent transition-colors\"\u001b[39m\n                  \u001b[33mhref\u001b[39m=\u001b[32m\"mailto:john@johnlindon.com\"\u001b[39m\n                \u001b[36m>\u001b[39m\n                  \u001b[0mjohn@johnlindon.com\u001b[0m\n                \u001b[36m</a>\u001b[39m\n              \u001b[36m</div>\u001b[39m\n              \u001b[36m<div\u001b[39m\n                \u001b[33mclass\u001b[39m=\u001b[32m\"flex items-center\"\u001b[39m\n              \u001b[36m>\u001b[39m\n                \u001b[36m<svg\u001b[39m\n                  \u001b[33mclass\u001b[39m=\u001b[32m\"text-text/60 mr-3\"\u001b[39m\n                  \u001b[33mfill\u001b[39m=\u001b[32m\"currentColor\"\u001b[39m\n                  \u001b[33mheight\u001b[39m=\u001b[32m\"20\"\u001b[39m\n                  \u001b[33mstroke\u001b[39m=\u001b[32m\"currentColor\"\u001b[39m\n                  \u001b[33mstroke-width\u001b[39m=\u001b[32m\"0\"\u001b[39m\n                  \u001b[33mviewBox\u001b[39m=\u001b[32m\"0 0 496 512\"\u001b[39m\n                  \u001b[33mwidth\u001b[39m=\u001b[32m\"20\"\u001b[39m\n                  \u001b[33mxmlns\u001b[39m=\u001b[32m\"http://www.w3.org/2000/svg\"\u001b[39m\n                \u001b[36m>\u001b[39m\n                  \u001b[36m<path\u001b[39m\n                    \u001b[33md\u001b[39m=\u001b[32m\"M165.9 397.4c0 2-2.3 3.6-5.2 3.6-3.3.3-5.6-1.3-5.6-3.6 0-2 2.3-3.6 5.2-3.6 3-.3 5.6 1.3 5.6 3.6zm-31.1-4.5c-.7 2 1.3 4.3 4.3 4.9 2.6 1 5.6 0 6.2-2s-1.3-4.3-4.3-5.2c-2.6-.7-5.5.3-6.2 2.3zm44.2-1.7c-2.9.7-4.9 2.6-4.6 4.9.3 2 2.9 3.3 5.9 2.6 2.9-.7 4.9-2.6 4.6-4.6-.3-1.9-3-3.2-5.9-2.9zM244.8 8C106.1 8 0 113.3 0 252c0 110.9 69.8 205.8 169.5 239.2 12.8 2.3 17.3-5.6 17.3-12.1 0-6.2-.3-40.4-.3-61.4 0 0-70 15-84.7-29.8 0 0-11.4-29.1-27.8-36.6 0 0-22.9-15.7 1.6-15.4 0 0 24.9 2 38.6 25.8 21.9 38.6 58.6 27.5 72.9 20.9 2.3-16 8.8-27.1 16-33.7-55.9-6.2-112.3-14.3-112.3-110.5 0-27.5 7.6-41.3 23.6-58.9-2.6-6.5-11.1-33.3 2.6-67.9 20.9-6.5 69 27 69 27 20-5.6 41.5-8.5 62.8-8.5s42.8 2.9 62.8 8.5c0 0 48.1-33.6 69-27 13.7 34.7 5.2 61.4 2.6 67.9 16 17.7 25.8 31.5 25.8 58.9 0 96.5-58.9 104.2-114.8 110.5 9.2 7.9 17 22.9 17 46.4 0 33.7-.3 75.4-.3 83.6 0 6.5 4.6 14.4 17.3 12.1C428.2 457.8 496 362.9 496 252 496 113.3 383.5 8 244.8 8zM97.2 352.9c-1.3 1-1 3.3.7 5.2 1.6 1.6 3.9 2.3 5.2 1 1.3-1 1-3.3-.7-5.2-1.6-1.6-3.9-2.3-5.2-1zm-10.8-8.1c-.7 1.3.3 2.9 2.3 3.9 1.6 1 3.6.7 4.3-.7.7-1.3-.3-2.9-2.3-3.9-2-.6-3.6-.3-4.3.7zm32.4 35.6c-1.6 1.3-1 4.3 1.3 6.2 2.3 2.3 5.2 2.6 6.5 1 1.3-1.3.7-4.3-1.3-6.2-2.2-2.3-5.2-2.6-6.5-1zm-11.4-14.7c-1.6 1-1.6 3.6 0 5.9 1.6 2.3 4.3 3.3 5.6 2.3 1.6-1.3 1.6-3.9 0-6.2-1.4-2.3-4-3.3-5.6-2z\"\u001b[39m\n                  \u001b[36m/>\u001b[39m\n                \u001b[36m</svg>\u001b[39m\n                \u001b[36m<a\u001b[39m\n                  \u001b[33mclass\u001b[39m=\u001b[32m\"text-text/60 hover:text-accent transition-colors\"\u001b[39m\n                  \u001b[33mhref\u001b[39m=\u001b[32m\"https://github.com/JohnLindonRobinson\"\u001b[39m\n                  \u001b[33mrel\u001b[39m=\u001b[32m\"noopener noreferrer\"\u001b[39m\n                  \u001b[33mtarget\u001b[39m=\u001b[32m\"_blank\"\u001b[39m\n                \u001b[36m>\u001b[39m\n                  \u001b[0mgithub.com/JohnLindonRobinson\u001b[0m\n                \u001b[36m</a>\u001b[39m\n              \u001b[36m</div>\u001b[39m\n              \u001b[36m<div\u001b[39m\n                \u001b[33mclass\u001b[39m=\u001b[32m\"flex items-center\"\u001b[39m\n              \u001b[36m>\u001b[39m\n                \u001b[36m<svg\u001b[39m\n                  \u001b[33mclass\u001b[39m=\u001b[32m\"text-text/60 mr-3\"\u001b[39m\n                  \u001b[33mfill\u001b[39m=\u001b[32m\"currentColor\"\u001b[39m\n                  \u001b[33mheight\u001b[39m=\u001b[32m\"20\"\u001b[39m\n                  \u001b[33mstroke\u001b[39m=\u001b[32m\"currentColor\"\u001b[39m\n                  \u001b[33mstroke-width\u001b[39m=\u001b[32m\"0\"\u001b[39m\n                  \u001b[33mviewBox\u001b[39m=\u001b[32m\"0 0 448 512\"\u001b[39m\n                  \u001b[33mwidth\u001b[39m=\u001b[32m\"20\"\u001b[39m\n                  \u001b[33mxmlns\u001b[39m=\u001b[32m\"http://www.w3.org/2000/svg\"\u001b[39m\n                \u001b[36m>\u001b[39m\n                  \u001b[36m<path\u001b[39m\n                    \u001b[33md\u001b[39m=\u001b[32m\"M416 32H31.9C14.3 32 0 46.5 0 64.3v383.4C0 465.5 14.3 480 31.9 480H416c17.6 0 32-14.5 32-32.3V64.3c0-17.8-14.4-32.3-32-32.3zM135.4 416H69V202.2h66.5V416zm-33.2-243c-21.3 0-38.5-17.3-38.5-38.5S80.9 96 102.2 96c21.2 0 38.5 17.3 38.5 38.5 0 21.3-17.2 38.5-38.5 38.5zm282.1 243h-66.4V312c0-24.8-.5-56.7-34.5-56.7-34.6 0-39.9 27-39.9 54.9V416h-66.4V202.2h63.7v29.2h.9c8.9-16.8 30.6-34.5 62.9-34.5 67.2 0 79.7 44.3 79.7 101.9V416z\"\u001b[39m\n                  \u001b[36m/>\u001b[39m\n                \u001b[36m</svg>\u001b[39m\n                \u001b[36m<a\u001b[39m\n                  \u001b[33mclass\u001b[39m=\u001b[32m\"text-text/60 hover:text-accent transition-colors\"\u001b[39m\n                  \u001b[33mhref\u001b[39m=\u001b[32m\"https://linkedin.com/in/johnlindonrobinson\"\u001b[39m\n                  \u001b[33mrel\u001b[39m=\u001b[32m\"noopener noreferrer\"\u001b[39m\n                  \u001b[33mtarget\u001b[39m=\u001b[32m\"_blank\"\u001b[39m\n                \u001b[36m>\u001b[39m\n                  \u001b[0m...\n    at Object.getElementError (/home/johnny/johnlindon.com/node_modules/@testing-library/dom/dist/config.js:37:19)\n    at /home/johnny/johnlindon.com/node_modules/@testing-library/dom/dist/query-helpers.js:76:38\n    at /home/johnny/johnlindon.com/node_modules/@testing-library/dom/dist/query-helpers.js:52:17\n    at /home/johnny/johnlindon.com/node_modules/@testing-library/dom/dist/query-helpers.js:95:19\n    at /home/johnny/johnlindon.com/src/app/__tests__/ContactJourney.integration.test.tsx:121:21\n    at file:///home/johnny/johnlindon.com/node_modules/@vitest/runner/dist/index.js:596:20"],"meta":{}},{"ancestorTitles":["Contact Journey Flow","Form Submission and Feedback"],"fullName":"Contact Journey Flow Form Submission and Feedback shows success message after successful submission","status":"failed","title":"shows success message after successful submission","duration":1371.6141019999995,"failureMessages":["Error: Unable to find an element with the text: /message sent successfully/i. This could be because the text is broken up by multiple elements. In this case, you can provide a function for your text matcher to make your matcher more flexible.\n\nIgnored nodes: comments, script, style\n\u001b[36m<body>\u001b[39m\n  \u001b[36m<div>\u001b[39m\n    \u001b[36m<div\u001b[39m\n      \u001b[33mclass\u001b[39m=\u001b[32m\"pt-24 max-w-6xl mx-auto px-4 py-12\"\u001b[39m\n    \u001b[36m>\u001b[39m\n      \u001b[36m<div\u001b[39m\n        \u001b[33mclass\u001b[39m=\u001b[32m\"mb-12 text-center\"\u001b[39m\n      \u001b[36m>\u001b[39m\n        \u001b[36m<h1\u001b[39m\n          \u001b[33mclass\u001b[39m=\u001b[32m\"text-4xl font-bold text-primary mb-4\"\u001b[39m\n        \u001b[36m>\u001b[39m\n          \u001b[0mGet in Touch\u001b[0m\n        \u001b[36m</h1>\u001b[39m\n        \u001b[36m<p\u001b[39m\n          \u001b[33mclass\u001b[39m=\u001b[32m\"text-xl text-text/80\"\u001b[39m\n        \u001b[36m>\u001b[39m\n          \u001b[0mLet's discuss how I can help with your project\u001b[0m\n        \u001b[36m</p>\u001b[39m\n      \u001b[36m</div>\u001b[39m\n      \u001b[36m<div\u001b[39m\n        \u001b[33mclass\u001b[39m=\u001b[32m\"grid grid-cols-1 lg:grid-cols-3 gap-8\"\u001b[39m\n      \u001b[36m>\u001b[39m\n        \u001b[36m<div\u001b[39m\n          \u001b[33mclass\u001b[39m=\u001b[32m\"space-y-8\"\u001b[39m\n        \u001b[36m>\u001b[39m\n          \u001b[36m<div\u001b[39m\n            \u001b[33mclass\u001b[39m=\u001b[32m\"bg-white p-6 rounded-lg border border-primary/10\"\u001b[39m\n          \u001b[36m>\u001b[39m\n            \u001b[36m<h2\u001b[39m\n              \u001b[33mclass\u001b[39m=\u001b[32m\"text-2xl font-semibold text-primary mb-4\"\u001b[39m\n            \u001b[36m>\u001b[39m\n              \u001b[0mContact Information\u001b[0m\n            \u001b[36m</h2>\u001b[39m\n            \u001b[36m<div\u001b[39m\n              \u001b[33mclass\u001b[39m=\u001b[32m\"space-y-4\"\u001b[39m\n            \u001b[36m>\u001b[39m\n              \u001b[36m<div\u001b[39m\n                \u001b[33mclass\u001b[39m=\u001b[32m\"flex items-center\"\u001b[39m\n              \u001b[36m>\u001b[39m\n                \u001b[36m<svg\u001b[39m\n                  \u001b[33mclass\u001b[39m=\u001b[32m\"text-text/60 mr-3\"\u001b[39m\n                  \u001b[33mfill\u001b[39m=\u001b[32m\"currentColor\"\u001b[39m\n                  \u001b[33mheight\u001b[39m=\u001b[32m\"20\"\u001b[39m\n                  \u001b[33mstroke\u001b[39m=\u001b[32m\"currentColor\"\u001b[39m\n                  \u001b[33mstroke-width\u001b[39m=\u001b[32m\"0\"\u001b[39m\n                  \u001b[33mviewBox\u001b[39m=\u001b[32m\"0 0 512 512\"\u001b[39m\n                  \u001b[33mwidth\u001b[39m=\u001b[32m\"20\"\u001b[39m\n                  \u001b[33mxmlns\u001b[39m=\u001b[32m\"http://www.w3.org/2000/svg\"\u001b[39m\n                \u001b[36m>\u001b[39m\n                  \u001b[36m<path\u001b[39m\n                    \u001b[33md\u001b[39m=\u001b[32m\"M502.3 190.8c3.9-3.1 9.7-.2 9.7 4.7V400c0 26.5-21.5 48-48 48H48c-26.5 0-48-21.5-48-48V195.6c0-5 5.7-7.8 9.7-4.7 22.4 17.4 52.1 39.5 154.1 113.6 21.1 15.4 56.7 47.8 92.2 47.6 35.7.3 72-32.8 92.3-47.6 102-74.1 131.6-96.3 154-113.7zM256 320c23.2.4 56.6-29.2 73.4-41.4 132.7-96.3 142.8-104.7 173.4-128.7 5.8-4.5 9.2-11.5 9.2-18.9v-19c0-26.5-21.5-48-48-48H48C21.5 64 0 85.5 0 112v19c0 7.4 3.4 14.3 9.2 18.9 30.6 23.9 40.7 32.4 173.4 128.7 16.8 12.2 50.2 41.8 73.4 41.4z\"\u001b[39m\n                  \u001b[36m/>\u001b[39m\n                \u001b[36m</svg>\u001b[39m\n                \u001b[36m<a\u001b[39m\n                  \u001b[33mclass\u001b[39m=\u001b[32m\"text-text/60 hover:text-accent transition-colors\"\u001b[39m\n                  \u001b[33mhref\u001b[39m=\u001b[32m\"mailto:john@johnlindon.com\"\u001b[39m\n                \u001b[36m>\u001b[39m\n                  \u001b[0mjohn@johnlindon.com\u001b[0m\n                \u001b[36m</a>\u001b[39m\n              \u001b[36m</div>\u001b[39m\n              \u001b[36m<div\u001b[39m\n                \u001b[33mclass\u001b[39m=\u001b[32m\"flex items-center\"\u001b[39m\n              \u001b[36m>\u001b[39m\n                \u001b[36m<svg\u001b[39m\n                  \u001b[33mclass\u001b[39m=\u001b[32m\"text-text/60 mr-3\"\u001b[39m\n                  \u001b[33mfill\u001b[39m=\u001b[32m\"currentColor\"\u001b[39m\n                  \u001b[33mheight\u001b[39m=\u001b[32m\"20\"\u001b[39m\n                  \u001b[33mstroke\u001b[39m=\u001b[32m\"currentColor\"\u001b[39m\n                  \u001b[33mstroke-width\u001b[39m=\u001b[32m\"0\"\u001b[39m\n                  \u001b[33mviewBox\u001b[39m=\u001b[32m\"0 0 496 512\"\u001b[39m\n                  \u001b[33mwidth\u001b[39m=\u001b[32m\"20\"\u001b[39m\n                  \u001b[33mxmlns\u001b[39m=\u001b[32m\"http://www.w3.org/2000/svg\"\u001b[39m\n                \u001b[36m>\u001b[39m\n                  \u001b[36m<path\u001b[39m\n                    \u001b[33md\u001b[39m=\u001b[32m\"M165.9 397.4c0 2-2.3 3.6-5.2 3.6-3.3.3-5.6-1.3-5.6-3.6 0-2 2.3-3.6 5.2-3.6 3-.3 5.6 1.3 5.6 3.6zm-31.1-4.5c-.7 2 1.3 4.3 4.3 4.9 2.6 1 5.6 0 6.2-2s-1.3-4.3-4.3-5.2c-2.6-.7-5.5.3-6.2 2.3zm44.2-1.7c-2.9.7-4.9 2.6-4.6 4.9.3 2 2.9 3.3 5.9 2.6 2.9-.7 4.9-2.6 4.6-4.6-.3-1.9-3-3.2-5.9-2.9zM244.8 8C106.1 8 0 113.3 0 252c0 110.9 69.8 205.8 169.5 239.2 12.8 2.3 17.3-5.6 17.3-12.1 0-6.2-.3-40.4-.3-61.4 0 0-70 15-84.7-29.8 0 0-11.4-29.1-27.8-36.6 0 0-22.9-15.7 1.6-15.4 0 0 24.9 2 38.6 25.8 21.9 38.6 58.6 27.5 72.9 20.9 2.3-16 8.8-27.1 16-33.7-55.9-6.2-112.3-14.3-112.3-110.5 0-27.5 7.6-41.3 23.6-58.9-2.6-6.5-11.1-33.3 2.6-67.9 20.9-6.5 69 27 69 27 20-5.6 41.5-8.5 62.8-8.5s42.8 2.9 62.8 8.5c0 0 48.1-33.6 69-27 13.7 34.7 5.2 61.4 2.6 67.9 16 17.7 25.8 31.5 25.8 58.9 0 96.5-58.9 104.2-114.8 110.5 9.2 7.9 17 22.9 17 46.4 0 33.7-.3 75.4-.3 83.6 0 6.5 4.6 14.4 17.3 12.1C428.2 457.8 496 362.9 496 252 496 113.3 383.5 8 244.8 8zM97.2 352.9c-1.3 1-1 3.3.7 5.2 1.6 1.6 3.9 2.3 5.2 1 1.3-1 1-3.3-.7-5.2-1.6-1.6-3.9-2.3-5.2-1zm-10.8-8.1c-.7 1.3.3 2.9 2.3 3.9 1.6 1 3.6.7 4.3-.7.7-1.3-.3-2.9-2.3-3.9-2-.6-3.6-.3-4.3.7zm32.4 35.6c-1.6 1.3-1 4.3 1.3 6.2 2.3 2.3 5.2 2.6 6.5 1 1.3-1.3.7-4.3-1.3-6.2-2.2-2.3-5.2-2.6-6.5-1zm-11.4-14.7c-1.6 1-1.6 3.6 0 5.9 1.6 2.3 4.3 3.3 5.6 2.3 1.6-1.3 1.6-3.9 0-6.2-1.4-2.3-4-3.3-5.6-2z\"\u001b[39m\n                  \u001b[36m/>\u001b[39m\n                \u001b[36m</svg>\u001b[39m\n                \u001b[36m<a\u001b[39m\n                  \u001b[33mclass\u001b[39m=\u001b[32m\"text-text/60 hover:text-accent transition-colors\"\u001b[39m\n                  \u001b[33mhref\u001b[39m=\u001b[32m\"https://github.com/JohnLindonRobinson\"\u001b[39m\n                  \u001b[33mrel\u001b[39m=\u001b[32m\"noopener noreferrer\"\u001b[39m\n                  \u001b[33mtarget\u001b[39m=\u001b[32m\"_blank\"\u001b[39m\n                \u001b[36m>\u001b[39m\n                  \u001b[0mgithub.com/JohnLindonRobinson\u001b[0m\n                \u001b[36m</a>\u001b[39m\n              \u001b[36m</div>\u001b[39m\n              \u001b[36m<div\u001b[39m\n                \u001b[33mclass\u001b[39m=\u001b[32m\"flex items-center\"\u001b[39m\n              \u001b[36m>\u001b[39m\n                \u001b[36m<svg\u001b[39m\n                  \u001b[33mclass\u001b[39m=\u001b[32m\"text-text/60 mr-3\"\u001b[39m\n                  \u001b[33mfill\u001b[39m=\u001b[32m\"currentColor\"\u001b[39m\n                  \u001b[33mheight\u001b[39m=\u001b[32m\"20\"\u001b[39m\n                  \u001b[33mstroke\u001b[39m=\u001b[32m\"currentColor\"\u001b[39m\n                  \u001b[33mstroke-width\u001b[39m=\u001b[32m\"0\"\u001b[39m\n                  \u001b[33mviewBox\u001b[39m=\u001b[32m\"0 0 448 512\"\u001b[39m\n                  \u001b[33mwidth\u001b[39m=\u001b[32m\"20\"\u001b[39m\n                  \u001b[33mxmlns\u001b[39m=\u001b[32m\"http://www.w3.org/2000/svg\"\u001b[39m\n                \u001b[36m>\u001b[39m\n                  \u001b[36m<path\u001b[39m\n                    \u001b[33md\u001b[39m=\u001b[32m\"M416 32H31.9C14.3 32 0 46.5 0 64.3v383.4C0 465.5 14.3 480 31.9 480H416c17.6 0 32-14.5 32-32.3V64.3c0-17.8-14.4-32.3-32-32.3zM135.4 416H69V202.2h66.5V416zm-33.2-243c-21.3 0-38.5-17.3-38.5-38.5S80.9 96 102.2 96c21.2 0 38.5 17.3 38.5 38.5 0 21.3-17.2 38.5-38.5 38.5zm282.1 243h-66.4V312c0-24.8-.5-56.7-34.5-56.7-34.6 0-39.9 27-39.9 54.9V416h-66.4V202.2h63.7v29.2h.9c8.9-16.8 30.6-34.5 62.9-34.5 67.2 0 79.7 44.3 79.7 101.9V416z\"\u001b[39m\n                  \u001b[36m/>\u001b[39m\n                \u001b[36m</svg>\u001b[39m\n                \u001b[36m<a\u001b[39m\n                  \u001b[33mclass\u001b[39m=\u001b[32m\"text-text/60 hover:text-accent transition-colors\"\u001b[39m\n                  \u001b[33mhref\u001b[39m=\u001b[32m\"https://linkedin.com/in/johnlindonrobinson\"\u001b[39m\n                  \u001b[33mrel\u001b[39m=\u001b[32m\"noopener noreferrer\"\u001b[39m\n                  \u001b[33mtarget\u001b[39m=\u001b[32m\"_blank\"\u001b[39m\n                \u001b[36m>\u001b[39m\n  
[...]
e to find an accessible element with the role \"option\"\n\nHere are the accessible roles:\n\n  combobox:\n\n  Name \"\":\n  \u001b[36m<div\u001b[39m\n    \u001b[33maria-disabled\u001b[39m=\u001b[32m\"false\"\u001b[39m\n    \u001b[33maria-expanded\u001b[39m=\u001b[32m\"false\"\u001b[39m\n    \u001b[33maria-haspopup\u001b[39m=\u001b[32m\"listbox\"\u001b[39m\n    \u001b[33mclass\u001b[39m=\u001b[32m\"relative \"\u001b[39m\n    \u001b[33mrole\u001b[39m=\u001b[32m\"combobox\"\u001b[39m\n  \u001b[36m/>\u001b[39m\n\n  --------------------------------------------------\n\nIgnored nodes: comments, script, style\n\u001b[36m<body>\u001b[39m\n  \u001b[36m<div>\u001b[39m\n    \u001b[36m<div\u001b[39m\n      \u001b[33maria-disabled\u001b[39m=\u001b[32m\"false\"\u001b[39m\n      \u001b[33maria-expanded\u001b[39m=\u001b[32m\"false\"\u001b[39m\n      \u001b[33maria-haspopup\u001b[39m=\u001b[32m\"listbox\"\u001b[39m\n      \u001b[33mclass\u001b[39m=\u001b[32m\"relative \"\u001b[39m\n      \u001b[33mrole\u001b[39m=\u001b[32m\"combobox\"\u001b[39m\n    \u001b[36m>\u001b[39m\n      \u001b[36m<div\u001b[39m\n        \u001b[33mclass\u001b[39m=\u001b[32m\"flex items-center justify-between p-2 border rounded-md cursor-pointer\n          bg-white hover:border-blue-500\n          border-gray-300\"\u001b[39m\n      \u001b[36m>\u001b[39m\n        \u001b[36m<div\u001b[39m\n          \u001b[33mclass\u001b[39m=\u001b[32m\"flex-grow truncate\"\u001b[39m\n        \u001b[36m>\u001b[39m\n          \u001b[0mSelect...\u001b[0m\n        \u001b[36m</div>\u001b[39m\n        \u001b[36m<div\u001b[39m\n          \u001b[33mclass\u001b[39m=\u001b[32m\"flex items-center\"\u001b[39m\n        \u001b[36m>\u001b[39m\n          \u001b[36m<svg\u001b[39m\n            \u001b[33maria-hidden\u001b[39m=\u001b[32m\"true\"\u001b[39m\n            \u001b[33mclass\u001b[39m=\u001b[32m\"w-5 h-5 transition-transform \"\u001b[39m\n            \u001b[33mdata-slot\u001b[39m=\u001b[32m\"icon\"\u001b[39m\n            \u001b[33mfill\u001b[39m=\u001b[32m\"currentColor\"\u001b[39m\n            \u001b[33mviewBox\u001b[39m=\u001b[32m\"0 0 24 24\"\u001b[39m\n            \u001b[33mxmlns\u001b[39m=\u001b[32m\"http://www.w3.org/2000/svg\"\u001b[39m\n          \u001b[36m>\u001b[39m\n            \u001b[36m<path\u001b[39m\n              \u001b[33mclip-rule\u001b[39m=\u001b[32m\"evenodd\"\u001b[39m\n              \u001b[33md\u001b[39m=\u001b[32m\"M12.53 16.28a.75.75 0 0 1-1.06 0l-7.5-7.5a.75.75 0 0 1 1.06-1.06L12 14.69l6.97-6.97a.75.75 0 1 1 1.06 1.06l-7.5 7.5Z\"\u001b[39m\n              \u001b[33mfill-rule\u001b[39m=\u001b[32m\"evenodd\"\u001b[39m\n            \u001b[36m/>\u001b[39m\n          \u001b[36m</svg>\u001b[39m\n        \u001b[36m</div>\u001b[39m\n      \u001b[36m</div>\u001b[39m\n    \u001b[36m</div>\u001b[39m\n  \u001b[36m</div>\u001b[39m\n\u001b[36m</body>\u001b[39m\n    at Object.getElementError (/home/johnny/johnlindon.com/node_modules/@testing-library/dom/dist/config.js:37:19)\n    at /home/johnny/johnlindon.com/node_modules/@testing-library/dom/dist/query-helpers.js:76:38\n    at /home/johnny/johnlindon.com/node_modules/@testing-library/dom/dist/query-helpers.js:109:15\n    at /home/johnny/johnlindon.com/src/components/ui/__tests__/Select.test.tsx:186:21\n    at file:///home/johnny/johnlindon.com/node_modules/@vitest/runner/dist/index.js:103:11\n    at file:///home/johnny/johnlindon.com/node_modules/@vitest/runner/dist/index.js:596:26\n    at file:///home/johnny/johnlindon.com/node_modules/@vitest/runner/dist/index.js:879:20\n    at new Promise (<anonymous>)\n    at runWithTimeout (file:///home/johnny/johnlindon.com/node_modules/@vitest/runner/dist/index.js:852:10)\n    at runTest (file:///home/johnny/johnlindon.com/node_modules/@vitest/runner/dist/index.js:1360:12)"],"meta":{}},{"ancestorTitles":["Select Component","Edge Cases"],"fullName":"Select Component Edge Cases maintains selection when options change","status":"passed","title":"maintains selection when options change","duration":8.859196999999767,"failureMessages":[],"meta":{}},{"ancestorTitles":["Select Component","Edge Cases"],"fullName":"Select Component Edge Cases handles disabled state properly","status":"passed","title":"handles disabled state properly","duration":6.350034999999934,"failureMessages":[],"meta":{}},{"ancestorTitles":["Select Component","Edge Cases"],"fullName":"Select Component Edge Cases handles loading state","status":"passed","title":"handles loading state","duration":9.854874000000109,"failureMessages":[],"meta":{}},{"ancestorTitles":["Select Component","Keyboard Navigation"],"fullName":"Select Component Keyboard Navigation opens dropdown on Enter","status":"failed","title":"opens dropdown on Enter","duration":17.178493999999773,"failureMessages":["TestingLibraryElementError: Unable to find an accessible element with the role \"option\"\n\nHere are the accessible roles:\n\n  combobox:\n\n  Name \"\":\n  \u001b[36m<div\u001b[39m\n    \u001b[33maria-disabled\u001b[39m=\u001b[32m\"false\"\u001b[39m\n    \u001b[33maria-expanded\u001b[39m=\u001b[32m\"false\"\u001b[39m\n    \u001b[33maria-haspopup\u001b[39m=\u001b[32m\"listbox\"\u001b[39m\n    \u001b[33mclass\u001b[39m=\u001b[32m\"relative \"\u001b[39m\n    \u001b[33mrole\u001b[39m=\u001b[32m\"combobox\"\u001b[39m\n  \u001b[36m/>\u001b[39m\n\n  --------------------------------------------------\n\nIgnored nodes: comments, script, style\n\u001b[36m<body>\u001b[39m\n  \u001b[36m<div>\u001b[39m\n    \u001b[36m<div\u001b[39m\n      \u001b[33maria-disabled\u001b[39m=\u001b[32m\"false\"\u001b[39m\n      \u001b[33maria-expanded\u001b[39m=\u001b[32m\"false\"\u001b[39m\n      \u001b[33maria-haspopup\u001b[39m=\u001b[32m\"listbox\"\u001b[39m\n      \u001b[33mclass\u001b[39m=\u001b[32m\"relative \"\u001b[39m\n      \u001b[33mrole\u001b[39m=\u001b[32m\"combobox\"\u001b[39m\n    \u001b[36m>\u001b[39m\n      \u001b[36m<div\u001b[39m\n        \u001b[33mclass\u001b[39m=\u001b[32m\"flex items-center justify-between p-2 border rounded-md cursor-pointer\n          bg-white hover:border-blue-500\n          border-gray-300\"\u001b[39m\n      \u001b[36m>\u001b[39m\n        \u001b[36m<div\u001b[39m\n          \u001b[33mclass\u001b[39m=\u001b[32m\"flex-grow truncate\"\u001b[39m\n        \u001b[36m>\u001b[39m\n          \u001b[0mSelect...\u001b[0m\n        \u001b[36m</div>\u001b[39m\n        \u001b[36m<div\u001b[39m\n          \u001b[33mclass\u001b[39m=\u001b[32m\"flex items-center\"\u001b[39m\n        \u001b[36m>\u001b[39m\n          \u001b[36m<svg\u001b[39m\n            \u001b[33maria-hidden\u001b[39m=\u001b[32m\"true\"\u001b[39m\n            \u001b[33mclass\u001b[39m=\u001b[32m\"w-5 h-5 transition-transform \"\u001b[39m\n            \u001b[33mdata-slot\u001b[39m=\u001b[32m\"icon\"\u001b[39m\n            \u001b[33mfill\u001b[39m=\u001b[32m\"currentColor\"\u001b[39m\n            \u001b[33mviewBox\u001b[39m=\u001b[32m\"0 0 24 24\"\u001b[39m\n            \u001b[33mxmlns\u001b[39m=\u001b[32m\"http://www.w3.org/2000/svg\"\u001b[39m\n          \u001b[36m>\u001b[39m\n            \u001b[36m<path\u001b[39m\n              \u001b[33mclip-rule\u001b[39m=\u001b[32m\"evenodd\"\u001b[39m\n              \u001b[33md\u001b[39m=\u001b[32m\"M12.53 16.28a.75.75 0 0 1-1.06 0l-7.5-7.5a.75.75 0 0 1 1.06-1.06L12 14.69l6.97-6.97a.75.75 0 1 1 1.06 1.06l-7.5 7.5Z\"\u001b[39m\n              \u001b[33mfill-rule\u001b[39m=\u001b[32m\"evenodd\"\u001b[39m\n            \u001b[36m/>\u001b[39m\n          \u001b[36m</svg>\u001b[39m\n        \u001b[36m</div>\u001b[39m\n      \u001b[36m</div>\u001b[39m\n    \u001b[36m</div>\u001b[39m\n  \u001b[36m</div>\u001b[39m\n\u001b[36m</body>\u001b[39m\n    at Object.getElementError (/home/johnny/johnlindon.com/node_modules/@testing-library/dom/dist/config.js:37:19)\n    at /home/johnny/johnlindon.com/node_modules/@testing-library/dom/dist/query-helpers.js:76:38\n    at /home/johnny/johnlindon.com/node_modules/@testing-library/dom/dist/query-helpers.js:109:15\n    at /home/johnny/johnlindon.com/src/components/ui/__tests__/Select.test.tsx:233:21\n    at file:///home/johnny/johnlindon.com/node_modules/@vitest/runner/dist/index.js:103:11\n    at file:///home/johnny/johnlindon.com/node_modules/@vitest/runner/dist/index.js:596:26\n    at file:///home/johnny/johnlindon.com/node_modules/@vitest/runner/dist/index.js:879:20\n    at new Promise (<anonymous>)\n    at runWithTimeout (file:///home/johnny/johnlindon.com/node_modules/@vitest/runner/dist/index.js:852:10)\n    at runTest (file:///home/johnny/johnlindon.com/node_modules/@vitest/runner/dist/index.js:1360:12)"],"meta":{}},{"ancestorTitles":["Select Component","Keyboard Navigation"],"fullName":"Select Component Keyboard Navigation closes dropdown on Escape","status":"passed","title":"closes dropdown on Escape","duration":3.929465000000164,"failureMessages":[],"meta":{}},{"ancestorTitles":["Select Component","Keyboard Navigation"],"fullName":"Select Component Keyboard Navigation opens dropdown on ArrowDown","status":"failed","title":"opens dropdown on ArrowDown","duration":18.523219000000154,"failureMessages":["TestingLibraryElementError: Unable to find an accessible element with the role \"option\"\n\nHere are the accessible roles:\n\n  combobox:\n\n  Name \"\":\n  \u001b[36m<div\u001b[39m\n    \u001b[33maria-disabled\u001b[39m=\u001b[32m\"false\"\u001b[39m\n    \u001b[33maria-expanded\u001b[39m=\u001b[32m\"false\"\u001b[39m\n    \u001b[33maria-haspopup\u001b[39m=\u001b[32m\"listbox\"\u001b[39m\n    \u001b[33mclass\u001b[39m=\u001b[32m\"relative \"\u001b[39m\n    \u001b[33mrole\u001b[39m=\u001b[32m\"combobox\"\u001b[39m\n  \u001b[36m/>\u001b[39m\n\n  --------------------------------------------------\n\nIgnored nodes: comments, script, style\n\u001b[36m<body>\u001b[39m\n  \u001b[36m<div>\u001b[39m\n    \u001b[36m<div\u001b[39m\n      \u001b[33maria-disabled\u001b[39m=\u001b[32m\"false\"\u001b[39m\n      \u001b[33maria-expanded\u001b[39m=\u001b[32m\"false\"\u001b[39m\n      \u001b[33maria-haspopup\u001b[39m=\u001b[32m\"listbox\"\u001b[39m\n      \u001b[33mclass\u001b[39m=\u001b[32m\"relative \"\u001b[39m\n      \u001b[33mrole\u001b[39m=\u001b[32m\"combobox\"\u001b[39m\n    \u001b[36m>\u001b[39m\n      \u001b[36m<div\u001b[39m\n        \u001b[33mclass\u001b[39m=\u001b[32m\"flex items-center justify-between p-2 border rounded-md cursor-pointer\n          bg-white hover:border-blue-500\n          border-gray-300\"\u001b[39m\n      \u001b[36m>\u001b[39m\n        \u001b[36m<div\u001b[39m\n          \u001b[33mclass\u001b[39m=\u001b[32m\"flex-grow truncate\"\u001b[39m\n        \u001b[36m>\u001b[39m\n          \u001b[0mSelect...\u001b[0m\n        \u001b[36m</div>\u001b[39m\n        \u001b[36m<div\u001b[39m\n          \u001b[33mclass\u001b[39m=\u001b[32m\"flex items-center\"\u001b[39m\n        \u001b[36m>\u001b[39m\n          \u001b[36m<svg\u001b[39m\n            \u001b[33maria-hidden\u001b[39m=\u001b[32m\"true\"\u001b[39m\n            \u001b[33mclass\u001b[39m=\u001b[32m\"w-5 h-5 transition-transform \"\u001b[39m\n            \u001b[33mdata-slot\u001b[39m=\u001b[32m\"icon\"\u001b[39m\n            \u001b[33mfill\u001b[39m=\u001b[32m\"currentColor\"\u001b[39m\n            \u001b[33mviewBox\u001b[39m=\u001b[32m\"0 0 24 24\"\u001b[39m\n            \u001b[33mxmlns\u001b[39m=\u001b[32m\"http://www.w3.org/2000/svg\"\u001b[39m\n          \u001b[36m>\u001b[39m\n            \u001b[36m<path\u001b[39m\n              \u001b[33mclip-rule\u001b[39m=\u001b[32m\"evenodd\"\u001b[39m\n              \u001b[33md\u001b[39m=\u001b[32m\"M12.53 16.28a.75.75 0 0 1-1.06 0l-7.5-7.5a.75.75 0 0 1 1.06-1.06L12 14.69l6.97-6.97a.75.75 0 1 1 1.06 1.06l-7.5 7.5Z\"\u001b[39m\n              \u001b[33mfill-rule\u001b[39m=\u001b[32m\"evenodd\"\u001b[39m\n            \u001b[36m/>\u001b[39m\n          \u001b[36m</svg>\u001b[39m\n        \u001b[36m</div>\u001b[39m\n      \u001b[36m</div>\u001b[39m\n    \u001b[36m</div>\u001b[39m\n  \u001b[36m</div>\u001b[39m\n\u001b[36m</body>\u001b[39m\n    at Object.getElementError (/home/johnny/johnlindon.com/node_modules/@testing-library/dom/dist/config.js:37:19)\n    at /home/johnny/johnlindon.com/node_modules/@testing-library/dom/dist/query-helpers.js:76:38\n    at /home/johnny/johnlindon.com/node_modules/@testing-library/dom/dist/query-helpers.js:109:15\n    at /home/johnny/johnlindon.com/src/components/ui/__tests__/Select.test.tsx:250:21\n    at file:///home/johnny/johnlindon.com/node_modules/@vitest/runner/dist/index.js:103:11\n    at file:///home/johnny/johnlindon.com/node_modules/@vitest/runner/dist/index.js:596:26\n    at file:///home/johnny/johnlindon.com/node_modules/@vitest/runner/dist/index.js:879:20\n    at new Promise (<anonymous>)\n    at runWithTimeout (file:///home/johnny/johnlindon.com/node_modules/@vitest/runner/dist/index.js:852:10)\n    at runTest (file:///home/johnny/johnlindon.com/node_modules/@vitest/runner/dist/index.js:1360:12)"],"meta":{}},{"ancestorTitles":["Select Component","Accessibility"],"fullName":"Select Component Accessibility has correct ARIA attributes","status":"passed","title":"has correct ARIA attributes","duration":8.697685999999976,"failureMessages":[],"meta":{}},{"ancestorTitles":["Select Component","Accessibility"],"fullName":"Select Component Accessibility updates ARIA attributes when opened","status":"failed","title":"updates ARIA attributes when opened","duration":8.319188999999824,"failureMessages":["Error: \u001b[2mexpect(\u001b[22m\u001b[31melement\u001b[39m\u001b[2m).toHaveAttribute(\u001b[22m\u001b[32m\u001b[32m\"aria-expanded\"\u001b[32m\u001b[39m\u001b[2m, \u001b[22m\u001b[32m\u001b[32m\"true\"\u001b[32m\u001b[39m\u001b[2m) // element.getAttribute(\"aria-expanded\") === \"true\"\u001b[22m\n\nExpected the element to have attribute:\n\u001b[32m  aria-expanded=\"true\"\u001b[39m\nReceived:\n\u001b[31m  aria-expanded=\"false\"\u001b[39m\n    at Proxy.expectWrapper (file:///home/johnny/johnlindon.com/node_modules/@vitest/expect/dist/index.js:1655:12)\n    at Proxy.<anonymous> (file:///home/johnny/johnlindon.com/node_modules/@vitest/expect/dist/index.js:944:14)\n    at Proxy.methodWrapper (file:///home/johnny/johnlindon.com/node_modules/chai/chai.js:1618:25)\n    at /home/johnny/johnlindon.com/src/components/ui/__tests__/Select.test.tsx:271:24\n    at file:///home/johnny/johnlindon.com/node_modules/@vitest/runner/dist/index.js:103:11\n    at file:///home/johnny/johnlindon.com/node_modules/@vitest/runner/dist/index.js:596:26\n    at file:///home/johnny/johnlindon.com/node_modules/@vitest/runner/dist/index.js:879:20\n    at new Promise (<anonymous>)\n    at runWithTimeout (file:///home/johnny/johnlindon.com/node_modules/@vitest/runner/dist/index.js:852:10)\n    at runTest (file:///home/johnny/johnlindon.com/node_modules/@vitest/runner/dist/index.js:1360:12)"],"meta":{}},{"ancestorTitles":["Select Component","Accessibility"],"fullName":"Select Component Accessibility marks options as selected correctly","status":"failed","title":"marks options as selected correctly","duration":10.503864999999678,"failureMessages":["Error: \u001b[2mexpect(\u001b[22m\u001b[31mreceived\u001b[39m\u001b[2m).toHaveAttribute()\u001b[22m\n\n\u001b[31mreceived\u001b[39m value must be an HTMLElement or an SVGElement.\nReceived has type:  Null\nReceived has value: \u001b[31mnull\u001b[39m\n    at Proxy.expectWrapper (file:///home/johnny/johnlindon.com/node_modules/@vitest/expect/dist/index.js:1645:36)\n    at Proxy.<anonymous> (file:///home/johnny/johnlindon.com/node_modules/@vitest/expect/dist/index.js:944:14)\n    at Proxy.methodWrapper (file:///home/johnny/johnlindon.com/node_modules/chai/chai.js:1618:25)\n    at /home/johnny/johnlindon.com/src/components/ui/__tests__/Select.test.tsx:279:30\n    at file:///home/johnny/johnlindon.com/node_modules/@vitest/runner/dist/index.js:103:11\n    at file:///home/johnny/johnlindon.com/node_modules/@vitest/runner/dist/index.js:596:26\n    at file:///home/johnny/johnlindon.com/node_modules/@vitest/runner/dist/index.js:879:20\n    at new Promise (<anonymous>)\n    at runWithTimeout (file:///home/johnny/johnlindon.com/node_modules/@vitest/runner/dist/index.js:852:10)\n    at runTest (file:///home/johnny/johnlindon.com/node_modules/@vitest/runner/dist/index.js:1360:12)"],"meta":{}}],"startTime":1745441417157,"endTime":1745441417552.504,"status":"failed","message":"","name":"/home/johnny/johnlindon.com/src/components/ui/__tests__/Select.test.tsx"},{"assertionResults":[{"ancestorTitles":["HomeHero"],"fullName":"HomeHero renders hero section with correct content","status":"passed","title":"renders hero section with correct content","duration":149.803222,"failureMessages":[],"meta":{}},{"ancestorTitles":["HomeHero"],"fullName":"HomeHero applies correct styling classes","status":"passed","title":"applies correct styling classes","duration":8.500633999999991,"failureMessages":[],"meta":{}},{"ancestorTitles":["HomeHero"],"fullName":"HomeHero has accessible heading structure","status":"passed","title":"has accessible heading structure","duration":12.101925000000165,"failureMessages":[],"meta":{}},{"ancestorTitles":["HomeHero"],"fullName":"HomeHero renders with proper semantic HTML structure","status":"passed","title":"renders with proper semantic HTML structure","duration":8.716736999999966,"failureMessages":[],"meta":{}}],"startTime":1745441425742,"endTime":1745441425920.7168,"status":"passed","message":"","name":"/home/johnny/johnlindon.com/src/components/sections/__tests__/HomeHero.test.tsx"},{"assertionResults":[{"ancestorTitles":["Contact API Route"],"fullName":"Contact API Route successfully creates a contact submission","status":"failed","title":"successfully creates a contact submission","duration":94.11290999999983,"failureMessages":["AssertionError: expected 500 to be 200 // Object.is equality\n    at /home/johnny/johnlindon.com/src/app/api/contact/__tests__/route.test.ts:71:29\n    at processTicksAndRejections (node:internal/process/task_queues:105:5)\n    at file:///home/johnny/johnlindon.com/node_modules/@vitest/runner/dist/index.js:596:20"],"meta":{}},{"ancestorTitles":["Contact API Route"],"fullName":"Contact API Route returns 400 when required fields are missing","status":"failed","title":"returns 400 when required fields are missing","duration":7.465323000000126,"failureMessages":["AssertionError: expected 500 to be 400 // Object.is equality\n    at /home/johnny/johnlindon.com/src/app/api/contact/__tests__/route.test.ts:103:29\n    at processTicksAndRejections (node:internal/process/task_queues:105:5)\n    at file:///home/johnny/johnlindon.com/node_modules/@vitest/runner/dist/index.js:596:20"],"meta":{}},{"ancestorTitles":["Contact API Route"],"fullName":"Contact API Route returns 500 when database operation fails","status":"failed","title":"returns 500 when database operation fails","duration":26.732336000000032,"failureMessages":["AssertionError: expected { error: 'Failed to send message' } to deeply equal { error: 'Failed to store submission' }\n    at /home/johnny/johnlindon.com/src/app/api/contact/__tests__/route.test.ts:130:18\n    at processTicksAndRejections (node:internal/process/task_queues:105:5)\n    at file:///home/johnny/johnlindon.com/node_modules/@vitest/runner/dist/index.js:596:20"],"meta":{}},{"ancestorTitles":["Contact API Route"],"fullName":"Contact API Route handles malformed JSON in request body","status":"failed","title":"handles malformed JSON in request body","duration":4.684105999999929,"failureMessages":["AssertionError: expected { error: 'Failed to send message' } to deeply equal { error: 'Failed to store submission' }\n    at /home/johnny/johnlindon.com/src/app/api/contact/__tests__/route.test.ts:148:18\n    at processTicksAndRejections (node:internal/process/task_queues:105:5)\n    at file:///home/johnny/johnlindon.com/node_modules/@vitest/runner/dist/index.js:596:20"],"meta":{}}],"startTime":1745441424725,"endTime":1745441424858.684,"status":"failed","message":"","name":"/home/johnny/johnlindon.com/src/app/api/contact/__tests__/route.test.ts"}]}