{"numTotalTestSuites":3,"numPassedTestSuites":1,"numFailedTestSuites":2,"numPendingTestSuites":0,"numTotalTests":11,"numPassedTests":9,"numFailedTests":2,"numPendingTests":0,"numTodoTests":0,"snapshot":{"added":0,"failure":false,"filesAdded":0,"filesRemoved":0,"filesRemovedList":[],"filesUnmatched":0,"filesUpdated":0,"matched":0,"total":0,"unchecked":0,"uncheckedKeysByFile":[],"unmatched":0,"updated":0,"didUpdate":false},"startTime":1745157739830,"success":false,"testResults":[{"assertionResults":[{"ancestorTitles":["validateEmail"],"fullName":"validateEmail should validate correct email addresses","status":"passed","title":"should validate correct email addresses","duration":1.2224780000000237,"failureMessages":[],"meta":{}},{"ancestorTitles":["validateEmail"],"fullName":"validateEmail should reject invalid email addresses","status":"passed","title":"should reject invalid email addresses","duration":0.31646299999999883,"failureMessages":[],"meta":{}},{"ancestorTitles":["sanitizeInput"],"fullName":"sanitizeInput should handle null or undefined input","status":"passed","title":"should handle null or undefined input","duration":0.31179900000006455,"failureMessages":[],"meta":{}},{"ancestorTitles":["sanitizeInput"],"fullName":"sanitizeInput should remove HTML and script tags","status":"failed","title":"should remove HTML and script tags","duration":5.6346880000000965,"failureMessages":["AssertionError: expected 'alert(\"xss\")Hello' to be 'Hello' // Object.is equality\n    at /home/john/git/johnlindon.com/src/lib/__tests__/validation.test.ts:26:34\n    at file:///home/john/git/johnlindon.com/node_modules/@vitest/runner/dist/index.js:103:11\n    at file:///home/john/git/johnlindon.com/node_modules/@vitest/runner/dist/index.js:595:26\n    at file:///home/john/git/johnlindon.com/node_modules/@vitest/runner/dist/index.js:877:20\n    at new Promise (<anonymous>)\n    at runWithTimeout (file:///home/john/git/johnlindon.com/node_modules/@vitest/runner/dist/index.js:850:10)\n    at runTest (file:///home/john/git/johnlindon.com/node_modules/@vitest/runner/dist/index.js:1345:12)\n    at processTicksAndRejections (node:internal/process/task_queues:105:5)\n    at runSuite (file:///home/john/git/johnlindon.com/node_modules/@vitest/runner/dist/index.js:1491:8)\n    at runSuite (file:///home/john/git/johnlindon.com/node_modules/@vitest/runner/dist/index.js:1491:8)"],"meta":{}},{"ancestorTitles":["sanitizeInput"],"fullName":"sanitizeInput should remove script injection patterns","status":"passed","title":"should remove script injection patterns","duration":0.4224179999999933,"failureMessages":[],"meta":{}},{"ancestorTitles":["sanitizeInput"],"fullName":"sanitizeInput should remove control characters","status":"passed","title":"should remove control characters","duration":0.16221299999995153,"failureMessages":[],"meta":{}},{"ancestorTitles":["sanitizeInput"],"fullName":"sanitizeInput should remove SQL injection patterns","status":"passed","title":"should remove SQL injection patterns","duration":0.2630829999999378,"failureMessages":[],"meta":{}},{"ancestorTitles":["sanitizeInput"],"fullName":"sanitizeInput should normalize whitespace","status":"failed","title":"should normalize whitespace","duration":0.8835850000000391,"failureMessages":["AssertionError: expected 'Hello WorldTest' to be 'Hello World Test' // Object.is equality\n    at /home/john/git/johnlindon.com/src/lib/__tests__/validation.test.ts:48:34\n    at file:///home/john/git/johnlindon.com/node_modules/@vitest/runner/dist/index.js:103:11\n    at file:///home/john/git/johnlindon.com/node_modules/@vitest/runner/dist/index.js:595:26\n    at file:///home/john/git/johnlindon.com/node_modules/@vitest/runner/dist/index.js:877:20\n    at new Promise (<anonymous>)\n    at runWithTimeout (file:///home/john/git/johnlindon.com/node_modules/@vitest/runner/dist/index.js:850:10)\n    at runTest (file:///home/john/git/johnlindon.com/node_modules/@vitest/runner/dist/index.js:1345:12)\n    at processTicksAndRejections (node:internal/process/task_queues:105:5)\n    at runSuite (file:///home/john/git/johnlindon.com/node_modules/@vitest/runner/dist/index.js:1491:8)\n    at runSuite (file:///home/john/git/johnlindon.com/node_modules/@vitest/runner/dist/index.js:1491:8)"],"meta":{}},{"ancestorTitles":["sanitizeInput"],"fullName":"sanitizeInput should limit output length","status":"passed","title":"should limit output length","duration":0.2641879999999901,"failureMessages":[],"meta":{}},{"ancestorTitles":["sanitizeInput"],"fullName":"sanitizeInput should preserve safe input","status":"passed","title":"should preserve safe input","duration":0.1339420000000473,"failureMessages":[],"meta":{}},{"ancestorTitles":["sanitizeInput"],"fullName":"sanitizeInput should handle non-string input","status":"passed","title":"should handle non-string input","duration":0.16891399999997248,"failureMessages":[],"meta":{}}],"startTime":1745157740783,"endTime":1745157740793.169,"status":"failed","message":"","name":"/home/john/git/johnlindon.com/src/lib/__tests__/validation.test.ts"}]}